<?xml version="1.0" encoding="UTF-8"?>
<robot generator="Robot 7.2.2 (Python 3.12.0 on win32)" generated="2025-03-29T05:06:16.514723" rpa="false" schemaversion="5">
<suite id="s1" name="Tests" source="C:\workspace\curso-robot-framework-avancado-may\bibliotecas_customizadas\tests">
<suite id="s1-s1" name="My Custom Libraries Excel" source="C:\workspace\curso-robot-framework-avancado-may\bibliotecas_customizadas\tests\my_custom_libraries_excel">
<suite id="s1-s1-s1" name="myLibraryExcel" source="C:\workspace\curso-robot-framework-avancado-may\bibliotecas_customizadas\tests\my_custom_libraries_excel\myLibraryExcel.robot">
<test id="s1-s1-s1-t1" name="Teste Buscar Animais Por Tamanho" line="8">
<kw name="Carregar Planilha" owner="excel_library">
<msg time="2025-03-29T05:06:17.933090" level="INFO">${arquivo_excel} = &lt;openpyxl.workbook.workbook.Workbook object at 0x00000224AED78B30&gt;</msg>
<var>${arquivo_excel}</var>
<arg>${PLANILHA_DADOS}</arg>
<doc>Carrega a planilha e retorna o objeto WorkBook.</doc>
<status status="PASS" start="2025-03-29T05:06:17.867094" elapsed="0.065996"/>
</kw>
<kw name="Buscar Animais Por Tamanho" owner="excel_library">
<msg time="2025-03-29T05:06:17.940094" level="INFO">${resultado} = [('gato', 'Siamês', 'Médio', 'Carinhoso'), ('gato', 'Persa', 'Médio', 'Calmo'), ('gato', 'Ragdoll', 'Médio', 'Afetuoso'), ('gato', 'British Shorthair', 'Médio', 'Independente'), ('gato', 'Bengal', 'Mé...</msg>
<var>${resultado}</var>
<arg>${arquivo_excel}</arg>
<arg>Médio</arg>
<doc>Retorna uma lista de animais que possuem o tamanho especificado.</doc>
<status status="PASS" start="2025-03-29T05:06:17.936088" elapsed="0.004006"/>
</kw>
<kw name="Log" owner="BuiltIn">
<msg time="2025-03-29T05:06:17.942088" level="INFO">[('gato', 'Siamês', 'Médio', 'Carinhoso'), ('gato', 'Persa', 'Médio', 'Calmo'), ('gato', 'Ragdoll', 'Médio', 'Afetuoso'), ('gato', 'British Shorthair', 'Médio', 'Independente'), ('gato', 'Bengal', 'Médio', 'Energético'), ('gato', 'Burmês', 'Médio', 'Brincalhão'), ('gato', 'Himalaio', 'Médio', 'Calmo'), ('cachorro', 'Beagle', 'Médio', 'Curioso'), ('gato', 'Tonquinês', 'Médio', 'Vocal'), ('gato', 'Exótico Shorthair', 'Médio', 'Amoroso'), ('gato', 'Chartreux', 'Médio', 'Silencioso'), ('cachorro', 'Border Collie', 'Médio', 'Ativo'), ('gato', 'Ocicat', 'Médio', 'Curioso'), ('gato', 'Somali', 'Médio', 'Brincalhão'), ('gato', 'Javanês', 'Médio', 'Vocal'), ('cachorro', 'Buldogue Inglês', 'Médio', 'Tranquilo'), ('gato', 'Manx', 'Médio', 'Independente'), ('cachorro', 'Schnauzer', 'Médio', 'Protetor'), ('gato', 'Turkish Angora', 'Médio', 'Amoroso'), ('cachorro', 'Whippet', 'Médio', 'Ativo'), ('gato', 'York Chocolate', 'Médio', 'Doce')]</msg>
<arg>${resultado}</arg>
<doc>Logs the given message with the given level.</doc>
<status status="PASS" start="2025-03-29T05:06:17.942088" elapsed="0.001003"/>
</kw>
<kw name="Set Global Variable" owner="BuiltIn">
<msg time="2025-03-29T05:06:17.944092" level="INFO">${arquivo_excel} = &lt;openpyxl.workbook.workbook.Workbook object at 0x00000224AED78B30&gt;</msg>
<arg>${arquivo_excel}</arg>
<doc>Makes a variable available globally in all tests and suites.</doc>
<status status="PASS" start="2025-03-29T05:06:17.943091" elapsed="0.002000"/>
</kw>
<status status="PASS" start="2025-03-29T05:06:17.864094" elapsed="0.081997"/>
</test>
<test id="s1-s1-s1-t2" name="Teste Contar Animais Por Temperamento" line="14">
<kw name="Contar Animais Por Temperamento" owner="excel_library">
<msg time="2025-03-29T05:06:17.958087" level="INFO">${quantidade} = 3</msg>
<var>${quantidade}</var>
<arg>${arquivo_excel}</arg>
<arg>Calmo</arg>
<doc>Conta quantos animais possuem o temperamento especificado.</doc>
<status status="PASS" start="2025-03-29T05:06:17.953089" elapsed="0.004998"/>
</kw>
<kw name="Log" owner="BuiltIn">
<msg time="2025-03-29T05:06:17.963091" level="INFO">3</msg>
<arg>${quantidade}</arg>
<doc>Logs the given message with the given level.</doc>
<status status="PASS" start="2025-03-29T05:06:17.962089" elapsed="0.001002"/>
</kw>
<status status="PASS" start="2025-03-29T05:06:17.950090" elapsed="0.015997"/>
</test>
<test id="s1-s1-s1-t3" name="Buscar Animal Por Raça" line="18">
<kw name="Buscar Animal Por Raça" owner="excel_library">
<msg time="2025-03-29T05:06:18.038092" level="INFO">${resultado} = ('cachorro', 'Pinscher', 'Pequeno', 'Atento')</msg>
<var>${resultado}</var>
<arg>${arquivo_excel}</arg>
<arg>Pinscher</arg>
<doc>Retorna os detalhes de uma raça específica.</doc>
<status status="PASS" start="2025-03-29T05:06:18.033085" elapsed="0.005007"/>
</kw>
<kw name="Log" owner="BuiltIn">
<msg time="2025-03-29T05:06:18.043086" level="INFO">('cachorro', 'Pinscher', 'Pequeno', 'Atento')</msg>
<arg>${resultado}</arg>
<doc>Logs the given message with the given level.</doc>
<status status="PASS" start="2025-03-29T05:06:18.042082" elapsed="0.001004"/>
</kw>
<status status="PASS" start="2025-03-29T05:06:18.017084" elapsed="0.027000"/>
</test>
<status status="PASS" start="2025-03-29T05:06:16.616715" elapsed="1.430368"/>
</suite>
<status status="PASS" start="2025-03-29T05:06:16.611716" elapsed="1.443370"/>
</suite>
<suite id="s1-s2" name="My Custom Libraries Hash" source="C:\workspace\curso-robot-framework-avancado-may\bibliotecas_customizadas\tests\my_custom_libraries_hash">
<suite id="s1-s2-s1" name="myLibrary" source="C:\workspace\curso-robot-framework-avancado-may\bibliotecas_customizadas\tests\my_custom_libraries_hash\myLibrary.robot">
<test id="s1-s2-s1-t1" name="Teste de conversão de string para HASH sha256" line="8">
<kw name="Converter &quot;Estou ficando ninja em Robot Framework!!&quot; para sha256" source_name="Converter &quot;${CONTEUDO}&quot; para sha256">
<kw name="Gerar Hash" owner="geradorHash">
<msg time="2025-03-29T05:06:18.163078" level="INFO">Conteúdo: Estou ficando ninja em Robot Framework!!
Hash gerado: 6526496e1589bb11988c5fd1051d8927a1160b1c3da51ca93ff6e2eab6ecfa38</msg>
<msg time="2025-03-29T05:06:18.164079" level="INFO">${CONTEUDO_HASH} = 6526496e1589bb11988c5fd1051d8927a1160b1c3da51ca93ff6e2eab6ecfa38</msg>
<var>${CONTEUDO_HASH}</var>
<arg>${CONTEUDO}</arg>
<status status="PASS" start="2025-03-29T05:06:18.162076" elapsed="0.002003"/>
</kw>
<kw name="Log" owner="BuiltIn">
<msg time="2025-03-29T05:06:18.168075" level="INFO">6526496e1589bb11988c5fd1051d8927a1160b1c3da51ca93ff6e2eab6ecfa38</msg>
<arg>${CONTEUDO_HASH}</arg>
<doc>Logs the given message with the given level.</doc>
<status status="PASS" start="2025-03-29T05:06:18.167076" elapsed="0.000999"/>
</kw>
<status status="PASS" start="2025-03-29T05:06:18.160076" elapsed="0.007999"/>
</kw>
<status status="PASS" start="2025-03-29T05:06:18.149077" elapsed="0.026996"/>
</test>
<test id="s1-s2-s1-t2" name="Teste de conversão de arquivo para HASH sha256" line="11">
<kw name="Converter o arquivo &quot;${ARQUIVO}&quot; para sha256" source_name="Converter o arquivo &quot;${FILE}&quot; para sha256">
<kw name="Gerar Hash Arquivo" owner="geradorHash">
<msg time="2025-03-29T05:06:18.197074" level="INFO">Arquivo: ./tests/my_custom_libraries_hash/arquivo_PDF.pdf
Hash gerado: d9021489da6cd18be2f0954475524f1c2d37628e127a1e23ee9941e133dcbc7f</msg>
<msg time="2025-03-29T05:06:18.201073" level="INFO">${CONTEUDO_HASH} = d9021489da6cd18be2f0954475524f1c2d37628e127a1e23ee9941e133dcbc7f</msg>
<var>${CONTEUDO_HASH}</var>
<arg>${FILE}</arg>
<status status="PASS" start="2025-03-29T05:06:18.196074" elapsed="0.004999"/>
</kw>
<kw name="Log" owner="BuiltIn">
<msg time="2025-03-29T05:06:18.205073" level="INFO">d9021489da6cd18be2f0954475524f1c2d37628e127a1e23ee9941e133dcbc7f</msg>
<arg>${CONTEUDO_HASH}</arg>
<doc>Logs the given message with the given level.</doc>
<status status="PASS" start="2025-03-29T05:06:18.201073" elapsed="0.004000"/>
</kw>
<status status="PASS" start="2025-03-29T05:06:18.195075" elapsed="0.009998"/>
</kw>
<status status="PASS" start="2025-03-29T05:06:18.190073" elapsed="0.024999"/>
</test>
<status status="PASS" start="2025-03-29T05:06:18.101084" elapsed="0.148987"/>
</suite>
<status status="PASS" start="2025-03-29T05:06:18.076081" elapsed="0.202986"/>
</suite>
<status status="PASS" start="2025-03-29T05:06:16.522723" elapsed="1.770346"/>
</suite>
<statistics>
<total>
<stat pass="5" fail="0" skip="0">All Tests</stat>
</total>
<tag>
</tag>
<suite>
<stat name="Tests" id="s1" pass="5" fail="0" skip="0">Tests</stat>
<stat name="My Custom Libraries Excel" id="s1-s1" pass="3" fail="0" skip="0">Tests.My Custom Libraries Excel</stat>
<stat name="myLibraryExcel" id="s1-s1-s1" pass="3" fail="0" skip="0">Tests.My Custom Libraries Excel.myLibraryExcel</stat>
<stat name="My Custom Libraries Hash" id="s1-s2" pass="2" fail="0" skip="0">Tests.My Custom Libraries Hash</stat>
<stat name="myLibrary" id="s1-s2-s1" pass="2" fail="0" skip="0">Tests.My Custom Libraries Hash.myLibrary</stat>
</suite>
</statistics>
<errors>
</errors>
</robot>
