<?xml version="1.0" encoding="UTF-8"?>
<robot generator="Robot 7.2 (Python 3.12.0 on win32)" generated="2025-02-15T15:54:45.399290" rpa="false" schemaversion="5">
<suite id="s1" name="Tests" source="C:\workspace\curso-robot-framework-avancado-may\bibliotecas_auxiliares\tests">
<suite id="s1-s1" name="DatabaseLibrary" source="C:\workspace\curso-robot-framework-avancado-may\bibliotecas_auxiliares\tests\DatabaseLibrary">
<suite id="s1-s1-s1" name="Database" source="C:\workspace\curso-robot-framework-avancado-may\bibliotecas_auxiliares\tests\DatabaseLibrary\database.robot">
<test id="s1-s1-s1-t1" name="Exemplo 01: Executando scripts SQL via Arquivos" line="15">
<kw name="Conectar no Banco de Dados" type="SETUP">
<kw name="Connect To Database" owner="DatabaseLibrary">
<msg time="2025-02-15T15:54:45.589910" level="INFO">Looking for configuration file: 'resources\db.cfg'</msg>
<msg time="2025-02-15T15:54:45.589910" level="INFO">Configuration file doesn't exist</msg>
<msg time="2025-02-15T15:54:45.645905" level="INFO">Connect to DB using : psycopg2.connect(database='robot', user=***, password=***, host='localhost', port=5432)</msg>
<arg>db_module=psycopg2</arg>
<arg>db_name=robot</arg>
<arg>db_user=postgres</arg>
<arg>db_password=postgres</arg>
<arg>db_host=localhost</arg>
<arg>db_port=5432</arg>
<doc>Creates a database connection using the DB API 2.0 ``db_module`` and the parameters provided.
Along with listed commonly used arguments (`db_name`, `db_host` etc.)
you can set any other DB module specific parameters as key/value pairs.</doc>
<status status="PASS" start="2025-02-15T15:54:45.588911" elapsed="0.361678"/>
</kw>
<status status="PASS" start="2025-02-15T15:54:45.586911" elapsed="0.363678"/>
</kw>
<kw name="Executar script via ARQUIVO no Banco de Dados">
<kw name="Execute Sql Script" owner="DatabaseLibrary">
<msg time="2025-02-15T15:54:45.953737" level="INFO">Splitting script file into statements...</msg>
<msg time="2025-02-15T15:54:45.956735" level="INFO" html="true">Executing sql:&lt;br&gt;&lt;code style="font-weight: bold;"&gt;CREATE TABLE account( user_id serial PRIMARY KEY, username VARCHAR (50) UNIQUE NOT NULL, password VARCHAR (50) NOT NULL, email VARCHAR (355) UNIQUE NOT NULL )&lt;/code&gt;</msg>
<msg time="2025-02-15T15:54:46.006585" level="INFO">Commit the transaction</msg>
<arg>script_path=${FILE}</arg>
<doc>Executes the content of the SQL script file loaded from `script_path` as SQL commands.</doc>
<status status="PASS" start="2025-02-15T15:54:45.952588" elapsed="0.056996"/>
</kw>
<arg>C:\\workspace\\curso-robot-framework-avancado-may\\bibliotecas_auxiliares\\tests\\DatabaseLibrary/my_sql_scripts/create_table_accounts.sql</arg>
<status status="PASS" start="2025-02-15T15:54:45.951779" elapsed="0.057805"/>
</kw>
<kw name="Executar script via ARQUIVO no Banco de Dados">
<kw name="Execute Sql Script" owner="DatabaseLibrary">
<msg time="2025-02-15T15:54:46.012586" level="INFO">Splitting script file into statements...</msg>
<msg time="2025-02-15T15:54:46.013584" level="INFO" html="true">Executing sql:&lt;br&gt;&lt;code style="font-weight: bold;"&gt;INSERT INTO account (user_id, username, password, email) VALUES (1, 'May Fernandes', 'robot123', 'robotizando@robot.com')&lt;/code&gt;</msg>
<msg time="2025-02-15T15:54:46.020584" level="INFO">Commit the transaction</msg>
<arg>script_path=${FILE}</arg>
<doc>Executes the content of the SQL script file loaded from `script_path` as SQL commands.</doc>
<status status="PASS" start="2025-02-15T15:54:46.011585" elapsed="0.010002"/>
</kw>
<arg>C:\\workspace\\curso-robot-framework-avancado-may\\bibliotecas_auxiliares\\tests\\DatabaseLibrary/my_sql_scripts/insert_into_account.sql</arg>
<status status="PASS" start="2025-02-15T15:54:46.010590" elapsed="0.011994"/>
</kw>
<kw name="Confere se &quot;May Fernandes&quot; foi inserido com sucesso" source_name="Confere se &quot;${USER}&quot; foi inserido com sucesso">
<kw name="Check Row Count" owner="DatabaseLibrary">
<msg time="2025-02-15T15:54:46.025586" level="INFO" html="true">Executing sql:&lt;br&gt;&lt;code style="font-weight: bold;"&gt;SELECT username FROM account WHERE username = 'May Fernandes'&lt;/code&gt;</msg>
<msg time="2025-02-15T15:54:46.029582" level="INFO">Retrieved 1 rows</msg>
<msg time="2025-02-15T15:54:46.029582" level="INFO" html="true">&lt;div style="max-width: 100%; overflow-x: auto;"&gt;&lt;table style="width: auto; border-collapse: collapse; border: 2px solid rgb(140 140 140)"&gt;&lt;caption style="text-align: left; font-weight: bold; padding: 5px;"&gt;Query returned 1 rows&lt;/caption&gt;&lt;tr&gt;&lt;th scope="col" style="background-color: #d6ecd4; border: 1px solid rgb(160 160 160);padding: 8px 10px;text-align: center;"&gt;Row&lt;/th&gt;&lt;th scope="col" style="background-color: #505050; color: #fff;border: 1px solid rgb(160 160 160);padding: 8px 10px;text-align: center;"&gt;username&lt;/th&gt;&lt;/tr&gt;&lt;tr style="background-color: #eee;"&gt;&lt;th scope="row" style="background-color: #d6ecd4;border: 1px solid rgb(160 160 160);padding: 8px 10px;text-align: center;"&gt;0&lt;/th&gt;&lt;td style="border: 1px solid rgb(160 160 160);padding: 8px 10px;text-align: center;"&gt;May Fernandes&lt;/td&gt;&lt;/tr&gt;&lt;/table&gt;&lt;/div&gt;</msg>
<arg>select_statement=SELECT username FROM account WHERE username = '${USER}'</arg>
<arg>assertion_operator===</arg>
<arg>expected_value=1</arg>
<doc>Check the number of rows returned from ``select_statement`` using ``assertion_operator``
and ``expected_value``. See `Inline assertions` for more details.</doc>
<status status="PASS" start="2025-02-15T15:54:46.024584" elapsed="0.004998"/>
</kw>
<kw name="Check Query Result" owner="DatabaseLibrary">
<msg time="2025-02-15T15:54:46.030583" level="INFO" html="true">Executing sql:&lt;br&gt;&lt;code style="font-weight: bold;"&gt;SELECT username FROM account WHERE username = 'May Fernandes'&lt;/code&gt;</msg>
<msg time="2025-02-15T15:54:46.031581" level="INFO" html="true">&lt;div style="max-width: 100%; overflow-x: auto;"&gt;&lt;table style="width: auto; border-collapse: collapse; border: 2px solid rgb(140 140 140)"&gt;&lt;caption style="text-align: left; font-weight: bold; padding: 5px;"&gt;Query returned 1 rows&lt;/caption&gt;&lt;tr&gt;&lt;th scope="col" style="background-color: #d6ecd4; border: 1px solid rgb(160 160 160);padding: 8px 10px;text-align: center;"&gt;Row&lt;/th&gt;&lt;th scope="col" style="background-color: #505050; color: #fff;border: 1px solid rgb(160 160 160);padding: 8px 10px;text-align: center;"&gt;username&lt;/th&gt;&lt;/tr&gt;&lt;tr style="background-color: #eee;"&gt;&lt;th scope="row" style="background-color: #d6ecd4;border: 1px solid rgb(160 160 160);padding: 8px 10px;text-align: center;"&gt;0&lt;/th&gt;&lt;td style="border: 1px solid rgb(160 160 160);padding: 8px 10px;text-align: center;"&gt;May Fernandes&lt;/td&gt;&lt;/tr&gt;&lt;/table&gt;&lt;/div&gt;</msg>
<arg>select_statement=SELECT username FROM account WHERE username = '${USER}'</arg>
<arg>assertion_operator=contains</arg>
<arg>expected_value=${USER}</arg>
<doc>Check value in query result returned from ``select_statement`` using ``assertion_operator`` and ``expected_value``.
The value position in results can be adjusted using ``row`` and ``col`` parameters (0-based).
See `Inline assertions` for more details.</doc>
<status status="PASS" start="2025-02-15T15:54:46.030583" elapsed="0.002001"/>
</kw>
<status status="PASS" start="2025-02-15T15:54:46.023584" elapsed="0.009000"/>
</kw>
<kw name="Desconectar do Banco de Dados" type="TEARDOWN">
<kw name="Disconnect From Database" owner="DatabaseLibrary">
<doc>Disconnects from the database.</doc>
<status status="PASS" start="2025-02-15T15:54:46.034582" elapsed="0.000000"/>
</kw>
<status status="PASS" start="2025-02-15T15:54:46.033584" elapsed="0.001996"/>
</kw>
<status status="PASS" start="2025-02-15T15:54:45.583907" elapsed="0.451673"/>
</test>
<test id="s1-s1-s1-t2" name="Exemplo 02: Executando scripts SQL via STRING" line="20">
<kw name="Conectar no Banco de Dados" type="SETUP">
<kw name="Connect To Database" owner="DatabaseLibrary">
<msg time="2025-02-15T15:54:46.042582" level="INFO">Looking for configuration file: 'resources\db.cfg'</msg>
<msg time="2025-02-15T15:54:46.042582" level="INFO">Configuration file doesn't exist</msg>
<msg time="2025-02-15T15:54:46.043583" level="INFO">Connect to DB using : psycopg2.connect(database='robot', user=***, password=***, host='localhost', port=5432)</msg>
<arg>db_module=psycopg2</arg>
<arg>db_name=robot</arg>
<arg>db_user=postgres</arg>
<arg>db_password=postgres</arg>
<arg>db_host=localhost</arg>
<arg>db_port=5432</arg>
<doc>Creates a database connection using the DB API 2.0 ``db_module`` and the parameters provided.
Along with listed commonly used arguments (`db_name`, `db_host` etc.)
you can set any other DB module specific parameters as key/value pairs.</doc>
<status status="PASS" start="2025-02-15T15:54:46.041584" elapsed="0.197392"/>
</kw>
<status status="PASS" start="2025-02-15T15:54:46.039585" elapsed="0.199391"/>
</kw>
<kw name="Executar script via STRING no Banco de Dados">
<kw name="Execute Sql String" owner="DatabaseLibrary">
<msg time="2025-02-15T15:54:46.241949" level="INFO" html="true">Executing sql:&lt;br&gt;&lt;code style="font-weight: bold;"&gt;INSERT INTO public.account(user_id, username, password, email) VALUES (2, 'Luiz Silva', 'robot987', 'robotizando2@robot.com')&lt;/code&gt;</msg>
<msg time="2025-02-15T15:54:46.245949" level="INFO">Commit the transaction</msg>
<arg>sql_string=${SCRIPT}</arg>
<doc>Executes the ``sql_string`` as a single SQL command.</doc>
<status status="PASS" start="2025-02-15T15:54:46.240949" elapsed="0.007998"/>
</kw>
<arg>INSERT INTO public.account(user_id, username, password, email) VALUES (2, 'Luiz Silva', 'robot987', 'robotizando2@robot.com')</arg>
<status status="PASS" start="2025-02-15T15:54:46.239949" elapsed="0.008998"/>
</kw>
<kw name="Confere se &quot;Luiz Silva&quot; foi inserido com sucesso" source_name="Confere se &quot;${USER}&quot; foi inserido com sucesso">
<kw name="Check Row Count" owner="DatabaseLibrary">
<msg time="2025-02-15T15:54:46.251948" level="INFO" html="true">Executing sql:&lt;br&gt;&lt;code style="font-weight: bold;"&gt;SELECT username FROM account WHERE username = 'Luiz Silva'&lt;/code&gt;</msg>
<msg time="2025-02-15T15:54:46.259950" level="INFO">Retrieved 1 rows</msg>
<msg time="2025-02-15T15:54:46.259950" level="INFO" html="true">&lt;div style="max-width: 100%; overflow-x: auto;"&gt;&lt;table style="width: auto; border-collapse: collapse; border: 2px solid rgb(140 140 140)"&gt;&lt;caption style="text-align: left; font-weight: bold; padding: 5px;"&gt;Query returned 1 rows&lt;/caption&gt;&lt;tr&gt;&lt;th scope="col" style="background-color: #d6ecd4; border: 1px solid rgb(160 160 160);padding: 8px 10px;text-align: center;"&gt;Row&lt;/th&gt;&lt;th scope="col" style="background-color: #505050; color: #fff;border: 1px solid rgb(160 160 160);padding: 8px 10px;text-align: center;"&gt;username&lt;/th&gt;&lt;/tr&gt;&lt;tr style="background-color: #eee;"&gt;&lt;th scope="row" style="background-color: #d6ecd4;border: 1px solid rgb(160 160 160);padding: 8px 10px;text-align: center;"&gt;0&lt;/th&gt;&lt;td style="border: 1px solid rgb(160 160 160);padding: 8px 10px;text-align: center;"&gt;Luiz Silva&lt;/td&gt;&lt;/tr&gt;&lt;/table&gt;&lt;/div&gt;</msg>
<arg>select_statement=SELECT username FROM account WHERE username = '${USER}'</arg>
<arg>assertion_operator===</arg>
<arg>expected_value=1</arg>
<doc>Check the number of rows returned from ``select_statement`` using ``assertion_operator``
and ``expected_value``. See `Inline assertions` for more details.</doc>
<status status="PASS" start="2025-02-15T15:54:46.250946" elapsed="0.009004"/>
</kw>
<kw name="Check Query Result" owner="DatabaseLibrary">
<msg time="2025-02-15T15:54:46.260950" level="INFO" html="true">Executing sql:&lt;br&gt;&lt;code style="font-weight: bold;"&gt;SELECT username FROM account WHERE username = 'Luiz Silva'&lt;/code&gt;</msg>
<msg time="2025-02-15T15:54:46.261947" level="INFO" html="true">&lt;div style="max-width: 100%; overflow-x: auto;"&gt;&lt;table style="width: auto; border-collapse: collapse; border: 2px solid rgb(140 140 140)"&gt;&lt;caption style="text-align: left; font-weight: bold; padding: 5px;"&gt;Query returned 1 rows&lt;/caption&gt;&lt;tr&gt;&lt;th scope="col" style="background-color: #d6ecd4; border: 1px solid rgb(160 160 160);padding: 8px 10px;text-align: center;"&gt;Row&lt;/th&gt;&lt;th scope="col" style="background-color: #505050; color: #fff;border: 1px solid rgb(160 160 160);padding: 8px 10px;text-align: center;"&gt;username&lt;/th&gt;&lt;/tr&gt;&lt;tr style="background-color: #eee;"&gt;&lt;th scope="row" style="background-color: #d6ecd4;border: 1px solid rgb(160 160 160);padding: 8px 10px;text-align: center;"&gt;0&lt;/th&gt;&lt;td style="border: 1px solid rgb(160 160 160);padding: 8px 10px;text-align: center;"&gt;Luiz Silva&lt;/td&gt;&lt;/tr&gt;&lt;/table&gt;&lt;/div&gt;</msg>
<arg>select_statement=SELECT username FROM account WHERE username = '${USER}'</arg>
<arg>assertion_operator=contains</arg>
<arg>expected_value=${USER}</arg>
<doc>Check value in query result returned from ``select_statement`` using ``assertion_operator`` and ``expected_value``.
The value position in results can be adjusted using ``row`` and ``col`` parameters (0-based).
See `Inline assertions` for more details.</doc>
<status status="PASS" start="2025-02-15T15:54:46.259950" elapsed="0.002999"/>
</kw>
<status status="PASS" start="2025-02-15T15:54:46.249949" elapsed="0.013000"/>
</kw>
<kw name="Desconectar do Banco de Dados" type="TEARDOWN">
<kw name="Disconnect From Database" owner="DatabaseLibrary">
<doc>Disconnects from the database.</doc>
<status status="PASS" start="2025-02-15T15:54:46.266947" elapsed="0.001007"/>
</kw>
<status status="PASS" start="2025-02-15T15:54:46.264947" elapsed="0.004004"/>
</kw>
<status status="PASS" start="2025-02-15T15:54:46.037582" elapsed="0.231369"/>
</test>
<test id="s1-s1-s1-t3" name="Exemplo 03: Select Statement" line="24">
<kw name="Conectar no Banco de Dados" type="SETUP">
<kw name="Connect To Database" owner="DatabaseLibrary">
<msg time="2025-02-15T15:54:46.279948" level="INFO">Looking for configuration file: 'resources\db.cfg'</msg>
<msg time="2025-02-15T15:54:46.280949" level="INFO">Configuration file doesn't exist</msg>
<msg time="2025-02-15T15:54:46.281946" level="INFO">Connect to DB using : psycopg2.connect(database='robot', user=***, password=***, host='localhost', port=5432)</msg>
<arg>db_module=psycopg2</arg>
<arg>db_name=robot</arg>
<arg>db_user=postgres</arg>
<arg>db_password=postgres</arg>
<arg>db_host=localhost</arg>
<arg>db_port=5432</arg>
<doc>Creates a database connection using the DB API 2.0 ``db_module`` and the parameters provided.
Along with listed commonly used arguments (`db_name`, `db_host` etc.)
you can set any other DB module specific parameters as key/value pairs.</doc>
<status status="PASS" start="2025-02-15T15:54:46.276950" elapsed="0.194024"/>
</kw>
<status status="PASS" start="2025-02-15T15:54:46.275949" elapsed="0.195994"/>
</kw>
<kw name="Executar query no Banco de dados">
<kw name="Query" owner="DatabaseLibrary">
<msg time="2025-02-15T15:54:46.473945" level="INFO" html="true">Executing sql:&lt;br&gt;&lt;code style="font-weight: bold;"&gt;SELECT * from account&lt;/code&gt;</msg>
<msg time="2025-02-15T15:54:46.481800" level="INFO" html="true">&lt;div style="max-width: 100%; overflow-x: auto;"&gt;&lt;table style="width: auto; border-collapse: collapse; border: 2px solid rgb(140 140 140)"&gt;&lt;caption style="text-align: left; font-weight: bold; padding: 5px;"&gt;Query returned 2 rows&lt;/caption&gt;&lt;tr&gt;&lt;th scope="col" style="background-color: #d6ecd4; border: 1px solid rgb(160 160 160);padding: 8px 10px;text-align: center;"&gt;Row&lt;/th&gt;&lt;th scope="col" style="background-color: #505050; color: #fff;border: 1px solid rgb(160 160 160);padding: 8px 10px;text-align: center;"&gt;user_id&lt;/th&gt;&lt;th scope="col" style="background-color: #505050; color: #fff;border: 1px solid rgb(160 160 160);padding: 8px 10px;text-align: center;"&gt;username&lt;/th&gt;&lt;th scope="col" style="background-color: #505050; color: #fff;border: 1px solid rgb(160 160 160);padding: 8px 10px;text-align: center;"&gt;password&lt;/th&gt;&lt;th scope="col" style="background-color: #505050; color: #fff;border: 1px solid rgb(160 160 160);padding: 8px 10px;text-align: center;"&gt;email&lt;/th&gt;&lt;/tr&gt;&lt;tr style="background-color: #eee;"&gt;&lt;th scope="row" style="background-color: #d6ecd4;border: 1px solid rgb(160 160 160);padding: 8px 10px;text-align: center;"&gt;0&lt;/th&gt;&lt;td style="border: 1px solid rgb(160 160 160);padding: 8px 10px;text-align: center;"&gt;1&lt;/td&gt;&lt;td style="border: 1px solid rgb(160 160 160);padding: 8px 10px;text-align: center;"&gt;May Fernandes&lt;/td&gt;&lt;td style="border: 1px solid rgb(160 160 160);padding: 8px 10px;text-align: center;"&gt;robot123&lt;/td&gt;&lt;td style="border: 1px solid rgb(160 160 160);padding: 8px 10px;text-align: center;"&gt;robotizando@robot.com&lt;/td&gt;&lt;/tr&gt;&lt;tr&gt;&lt;th scope="row" style="background-color: #d6ecd4;border: 1px solid rgb(160 160 160);padding: 8px 10px;text-align: center;"&gt;1&lt;/th&gt;&lt;td style="border: 1px solid rgb(160 160 160);padding: 8px 10px;text-align: center;"&gt;2&lt;/td&gt;&lt;td style="border: 1px solid rgb(160 160 160);padding: 8px 10px;text-align: center;"&gt;Luiz Silva&lt;/td&gt;&lt;td style="border: 1px solid rgb(160 160 160);padding: 8px 10px;text-align: center;"&gt;robot987&lt;/td&gt;&lt;td style="border: 1px solid rgb(160 160 160);padding: 8px 10px;text-align: center;"&gt;robotizando2@robot.com&lt;/td&gt;&lt;/tr&gt;&lt;/table&gt;&lt;/div&gt;</msg>
<msg time="2025-02-15T15:54:46.482796" level="INFO">${RESPONSE_QUERY} = [(1, 'May Fernandes', 'robot123', 'robotizando@robot.com'), (2, 'Luiz Silva', 'robot987', 'robotizando2@robot.com')]</msg>
<var>${RESPONSE_QUERY}</var>
<arg>select_statement=${QUERY}</arg>
<doc>Runs a query with the ``select_statement`` and returns the result as list of rows.
The type of row values depends on the database module -
usually they are tuples or tuple-like objects.</doc>
<status status="PASS" start="2025-02-15T15:54:46.472795" elapsed="0.010001"/>
</kw>
<return>
<value>${RESPONSE_QUERY}</value>
<status status="PASS" start="2025-02-15T15:54:46.482796" elapsed="0.000000"/>
</return>
<msg time="2025-02-15T15:54:46.482796" level="INFO">${RESPOSTA_SELECT} = [(1, 'May Fernandes', 'robot123', 'robotizando@robot.com'), (2, 'Luiz Silva', 'robot987', 'robotizando2@robot.com')]</msg>
<var>${RESPOSTA_SELECT}</var>
<arg>SELECT * from account</arg>
<status status="PASS" start="2025-02-15T15:54:46.472795" elapsed="0.011000"/>
</kw>
<kw name="Log" owner="BuiltIn">
<msg time="2025-02-15T15:54:46.484796" level="INFO">[(1, 'May Fernandes', 'robot123', 'robotizando@robot.com'), (2, 'Luiz Silva', 'robot987', 'robotizando2@robot.com')]</msg>
<arg>${RESPOSTA_SELECT}</arg>
<doc>Logs the given message with the given level.</doc>
<status status="PASS" start="2025-02-15T15:54:46.483795" elapsed="0.001001"/>
</kw>
<kw name="Log" owner="BuiltIn">
<msg time="2025-02-15T15:54:46.489799" level="INFO">Usuário 1 - Nome: May Fernandes - E-mail: robotizando@robot.com</msg>
<arg>Usuário ${RESPOSTA_SELECT[0][0]} - Nome: ${RESPOSTA_SELECT[0][1]} - E-mail: ${RESPOSTA_SELECT[0][3]}</arg>
<doc>Logs the given message with the given level.</doc>
<status status="PASS" start="2025-02-15T15:54:46.485798" elapsed="0.004001"/>
</kw>
<kw name="Log" owner="BuiltIn">
<msg time="2025-02-15T15:54:46.495797" level="INFO">Usuário 2 - Nome: Luiz Silva - E-mail: robotizando2@robot.com</msg>
<arg>Usuário ${RESPOSTA_SELECT[1][0]} - Nome: ${RESPOSTA_SELECT[1][1]} - E-mail: ${RESPOSTA_SELECT[1][3]}</arg>
<doc>Logs the given message with the given level.</doc>
<status status="PASS" start="2025-02-15T15:54:46.490800" elapsed="0.004997"/>
</kw>
<kw name="Desconectar do Banco de Dados" type="TEARDOWN">
<kw name="Disconnect From Database" owner="DatabaseLibrary">
<doc>Disconnects from the database.</doc>
<status status="PASS" start="2025-02-15T15:54:46.499800" elapsed="0.001998"/>
</kw>
<status status="PASS" start="2025-02-15T15:54:46.498795" elapsed="0.003003"/>
</kw>
<status status="PASS" start="2025-02-15T15:54:46.272948" elapsed="0.229849"/>
</test>
<test id="s1-s1-s1-t4" name="Exemplo 04: Limpando Tabelas" line="31">
<kw name="Conectar no Banco de Dados" type="SETUP">
<kw name="Connect To Database" owner="DatabaseLibrary">
<msg time="2025-02-15T15:54:46.517796" level="INFO">Looking for configuration file: 'resources\db.cfg'</msg>
<msg time="2025-02-15T15:54:46.517796" level="INFO">Configuration file doesn't exist</msg>
<msg time="2025-02-15T15:54:46.518799" level="INFO">Connect to DB using : psycopg2.connect(database='robot', user=***, password=***, host='localhost', port=5432)</msg>
<arg>db_module=psycopg2</arg>
<arg>db_name=robot</arg>
<arg>db_user=postgres</arg>
<arg>db_password=postgres</arg>
<arg>db_host=localhost</arg>
<arg>db_port=5432</arg>
<doc>Creates a database connection using the DB API 2.0 ``db_module`` and the parameters provided.
Along with listed commonly used arguments (`db_name`, `db_host` etc.)
you can set any other DB module specific parameters as key/value pairs.</doc>
<status status="PASS" start="2025-02-15T15:54:46.513796" elapsed="0.298980"/>
</kw>
<status status="PASS" start="2025-02-15T15:54:46.512797" elapsed="0.299979"/>
</kw>
<kw name="Limpar Tabela">
<kw name="Row Count" owner="DatabaseLibrary">
<msg time="2025-02-15T15:54:46.815779" level="INFO" html="true">Executing sql:&lt;br&gt;&lt;code style="font-weight: bold;"&gt;SELECT * FROM account&lt;/code&gt;</msg>
<msg time="2025-02-15T15:54:46.824775" level="INFO">Retrieved 2 rows</msg>
<msg time="2025-02-15T15:54:46.824775" level="INFO" html="true">&lt;div style="max-width: 100%; overflow-x: auto;"&gt;&lt;table style="width: auto; border-collapse: collapse; border: 2px solid rgb(140 140 140)"&gt;&lt;caption style="text-align: left; font-weight: bold; padding: 5px;"&gt;Query returned 2 rows&lt;/caption&gt;&lt;tr&gt;&lt;th scope="col" style="background-color: #d6ecd4; border: 1px solid rgb(160 160 160);padding: 8px 10px;text-align: center;"&gt;Row&lt;/th&gt;&lt;th scope="col" style="background-color: #505050; color: #fff;border: 1px solid rgb(160 160 160);padding: 8px 10px;text-align: center;"&gt;user_id&lt;/th&gt;&lt;th scope="col" style="background-color: #505050; color: #fff;border: 1px solid rgb(160 160 160);padding: 8px 10px;text-align: center;"&gt;username&lt;/th&gt;&lt;th scope="col" style="background-color: #505050; color: #fff;border: 1px solid rgb(160 160 160);padding: 8px 10px;text-align: center;"&gt;password&lt;/th&gt;&lt;th scope="col" style="background-color: #505050; color: #fff;border: 1px solid rgb(160 160 160);padding: 8px 10px;text-align: center;"&gt;email&lt;/th&gt;&lt;/tr&gt;&lt;tr style="background-color: #eee;"&gt;&lt;th scope="row" style="background-color: #d6ecd4;border: 1px solid rgb(160 160 160);padding: 8px 10px;text-align: center;"&gt;0&lt;/th&gt;&lt;td style="border: 1px solid rgb(160 160 160);padding: 8px 10px;text-align: center;"&gt;1&lt;/td&gt;&lt;td style="border: 1px solid rgb(160 160 160);padding: 8px 10px;text-align: center;"&gt;May Fernandes&lt;/td&gt;&lt;td style="border: 1px solid rgb(160 160 160);padding: 8px 10px;text-align: center;"&gt;robot123&lt;/td&gt;&lt;td style="border: 1px solid rgb(160 160 160);padding: 8px 10px;text-align: center;"&gt;robotizando@robot.com&lt;/td&gt;&lt;/tr&gt;&lt;tr&gt;&lt;th scope="row" style="background-color: #d6ecd4;border: 1px solid rgb(160 160 160);padding: 8px 10px;text-align: center;"&gt;1&lt;/th&gt;&lt;td style="border: 1px solid rgb(160 160 160);padding: 8px 10px;text-align: center;"&gt;2&lt;/td&gt;&lt;td style="border: 1px solid rgb(160 160 160);padding: 8px 10px;text-align: center;"&gt;Luiz Silva&lt;/td&gt;&lt;td style="border: 1px solid rgb(160 160 160);padding: 8px 10px;text-align: center;"&gt;robot987&lt;/td&gt;&lt;td style="border: 1px solid rgb(160 160 160);padding: 8px 10px;text-align: center;"&gt;robotizando2@robot.com&lt;/td&gt;&lt;/tr&gt;&lt;/table&gt;&lt;/div&gt;</msg>
<msg time="2025-02-15T15:54:46.825778" level="INFO">${REGISTROS} = 2</msg>
<var>${REGISTROS}</var>
<arg>select_statement=SELECT * FROM ${TABELA}</arg>
<doc>Runs a query with the ``select_statement`` and returns the number of rows in the result.</doc>
<status status="PASS" start="2025-02-15T15:54:46.815779" elapsed="0.009999"/>
</kw>
<kw name="Run Keyword If" owner="BuiltIn">
<kw name="Delete All Rows From Table" owner="DatabaseLibrary">
<msg time="2025-02-15T15:54:46.828777" level="INFO" html="true">Executing sql:&lt;br&gt;&lt;code style="font-weight: bold;"&gt;DELETE FROM account&lt;/code&gt;</msg>
<msg time="2025-02-15T15:54:46.829776" level="INFO">Commit the transaction</msg>
<arg>${TABELA}</arg>
<doc>Deletes all rows from table with ``table_name``.</doc>
<status status="PASS" start="2025-02-15T15:54:46.827777" elapsed="0.004998"/>
</kw>
<arg>${REGISTROS} &gt; 0</arg>
<arg>Delete All Rows From Table</arg>
<arg>${TABELA}</arg>
<doc>Runs the given keyword with the given arguments, if ``condition`` is true.</doc>
<status status="PASS" start="2025-02-15T15:54:46.826777" elapsed="0.005998"/>
</kw>
<arg>account</arg>
<status status="PASS" start="2025-02-15T15:54:46.813777" elapsed="0.018998"/>
</kw>
<kw name="Executar script via STRING no Banco de Dados">
<kw name="Execute Sql String" owner="DatabaseLibrary">
<msg time="2025-02-15T15:54:46.851777" level="INFO" html="true">Executing sql:&lt;br&gt;&lt;code style="font-weight: bold;"&gt;DROP table account&lt;/code&gt;</msg>
<msg time="2025-02-15T15:54:46.879772" level="INFO">Commit the transaction</msg>
<arg>sql_string=${SCRIPT}</arg>
<doc>Executes the ``sql_string`` as a single SQL command.</doc>
<status status="PASS" start="2025-02-15T15:54:46.850774" elapsed="0.048997"/>
</kw>
<arg>DROP table account</arg>
<status status="PASS" start="2025-02-15T15:54:46.845775" elapsed="0.053996"/>
</kw>
<kw name="Desconectar do Banco de Dados" type="TEARDOWN">
<kw name="Disconnect From Database" owner="DatabaseLibrary">
<doc>Disconnects from the database.</doc>
<status status="PASS" start="2025-02-15T15:54:46.902772" elapsed="0.001000"/>
</kw>
<status status="PASS" start="2025-02-15T15:54:46.901771" elapsed="0.002001"/>
</kw>
<status status="PASS" start="2025-02-15T15:54:46.510797" elapsed="0.397975"/>
</test>
<doc>[14/10/2019] https://franz-see.github.io/Robotframework-Database-Library/api/1.2.2/DatabaseLibrary.html
Instale: "pip install -U robotframework-databaselibrary"
Para acessar o BD o Robot precisa conhecer o DRIVER de cada banco, então precisamos instalar esse DRIVER também (instale apenas para o BD que você utiliza!) ...
Para PostgreSQL: "pip install psycopg2"
Para SQLite 3: não precisa instalar nada!
Para MySQL: "pip install pymysql"
Para SQL Server: "pip install pymssql"
Para Oracle: "pip install cx-Oracle"</doc>
<status status="PASS" start="2025-02-15T15:54:45.494906" elapsed="1.419863"/>
</suite>
<status status="PASS" start="2025-02-15T15:54:45.486976" elapsed="1.434794"/>
</suite>
<suite id="s1-s2" name="DateTime" source="C:\workspace\curso-robot-framework-avancado-may\bibliotecas_auxiliares\tests\DateTime">
<suite id="s1-s2-s1" name="Date Time" source="C:\workspace\curso-robot-framework-avancado-may\bibliotecas_auxiliares\tests\DateTime\date_time.robot">
<test id="s1-s2-s1-t1" name="Exemplo 01: Pegando data e hora atuais" line="6">
<kw name="Teste pegando data atual">
<kw name="Get Current Date" owner="DateTime">
<msg time="2025-02-15T15:54:46.976767" level="INFO">${AGORA} = 15-02-25</msg>
<var>${AGORA}</var>
<arg>result_format=%d-%m-%y</arg>
<doc>Returns current local or UTC time with an optional increment.</doc>
<status status="PASS" start="2025-02-15T15:54:46.975770" elapsed="0.000997"/>
</kw>
<kw name="Log" owner="BuiltIn">
<msg time="2025-02-15T15:54:46.977766" level="INFO">15-02-25</msg>
<arg>${AGORA}</arg>
<doc>Logs the given message with the given level.</doc>
<status status="PASS" start="2025-02-15T15:54:46.976767" elapsed="0.000999"/>
</kw>
<status status="PASS" start="2025-02-15T15:54:46.974769" elapsed="0.002997"/>
</kw>
<kw name="Teste pegando data e hora atuais">
<kw name="Get Current Date" owner="DateTime">
<msg time="2025-02-15T15:54:46.980769" level="INFO">${AGORA} = 2025-02-15T15:54:46</msg>
<var>${AGORA}</var>
<arg>result_format=%Y-%m-%dT%H:%M:%S</arg>
<doc>Returns current local or UTC time with an optional increment.</doc>
<status status="PASS" start="2025-02-15T15:54:46.979772" elapsed="0.000997"/>
</kw>
<kw name="Log" owner="BuiltIn">
<msg time="2025-02-15T15:54:46.981772" level="INFO">2025-02-15T15:54:46</msg>
<arg>${AGORA}</arg>
<doc>Logs the given message with the given level.</doc>
<status status="PASS" start="2025-02-15T15:54:46.980769" elapsed="0.001003"/>
</kw>
<status status="PASS" start="2025-02-15T15:54:46.978766" elapsed="0.003006"/>
</kw>
<kw name="Teste pegando ano - mês - dia separadamente">
<kw name="Get Current Date" owner="DateTime">
<msg time="2025-02-15T15:54:47.020766" level="INFO">${HOJE} = 2025-02-15 15:54:47.001</msg>
<var>${HOJE}</var>
<doc>Returns current local or UTC time with an optional increment.</doc>
<status status="PASS" start="2025-02-15T15:54:47.000767" elapsed="0.019999"/>
</kw>
<kw name="Convert Date" owner="DateTime">
<msg time="2025-02-15T15:54:47.057763" level="INFO">${HOJE} = 2025-02-15 15:54:47.001000</msg>
<var>${HOJE}</var>
<arg>${HOJE}</arg>
<arg>datetime</arg>
<doc>Converts between supported `date formats`.</doc>
<status status="PASS" start="2025-02-15T15:54:47.021772" elapsed="0.035991"/>
</kw>
<kw name="Log" owner="BuiltIn">
<msg time="2025-02-15T15:54:47.066765" level="INFO">15-2-2025</msg>
<arg>${HOJE.day}-${HOJE.month}-${HOJE.year}</arg>
<doc>Logs the given message with the given level.</doc>
<status status="PASS" start="2025-02-15T15:54:47.057763" elapsed="0.009002"/>
</kw>
<status status="PASS" start="2025-02-15T15:54:46.999765" elapsed="0.067999"/>
</kw>
<status status="PASS" start="2025-02-15T15:54:46.962769" elapsed="0.132992"/>
</test>
<test id="s1-s2-s1-t2" name="Exemplo 02: Manipulando o tempo" line="11">
<kw name="Trabalhando com tempo">
<kw name="Convert Time" owner="DateTime">
<msg time="2025-02-15T15:54:47.293746" level="INFO">${HORA} = 90.0</msg>
<var>${HORA}</var>
<arg>1 minute 30 seconds</arg>
<doc>Converts between supported `time formats`.</doc>
<status status="PASS" start="2025-02-15T15:54:47.291747" elapsed="0.001999"/>
</kw>
<kw name="Log" owner="BuiltIn">
<msg time="2025-02-15T15:54:47.295753" level="INFO">São 90.0 segundos em 1 minuto e 30 segundos!</msg>
<arg>São ${HORA} segundos em 1 minuto e 30 segundos!</arg>
<doc>Logs the given message with the given level.</doc>
<status status="PASS" start="2025-02-15T15:54:47.294752" elapsed="0.001001"/>
</kw>
<kw name="Convert Time" owner="DateTime">
<msg time="2025-02-15T15:54:47.296746" level="INFO">${HORA} = 1 hour 30 minutes</msg>
<var>${HORA}</var>
<arg>5400</arg>
<arg>verbose</arg>
<doc>Converts between supported `time formats`.</doc>
<status status="PASS" start="2025-02-15T15:54:47.296746" elapsed="0.001001"/>
</kw>
<kw name="Log" owner="BuiltIn">
<msg time="2025-02-15T15:54:47.298747" level="INFO">5400 segundos é 1 hour 30 minutes!</msg>
<arg>5400 segundos é ${HORA}!</arg>
<doc>Logs the given message with the given level.</doc>
<status status="PASS" start="2025-02-15T15:54:47.297747" elapsed="0.001000"/>
</kw>
<kw name="Convert Time" owner="DateTime">
<msg time="2025-02-15T15:54:47.299747" level="INFO">${HORA} = 01:31:40</msg>
<var>${HORA}</var>
<arg>5500</arg>
<arg>timer</arg>
<arg>exclude_millis=yes</arg>
<doc>Converts between supported `time formats`.</doc>
<status status="PASS" start="2025-02-15T15:54:47.298747" elapsed="0.002002"/>
</kw>
<kw name="Log" owner="BuiltIn">
<msg time="2025-02-15T15:54:47.301750" level="INFO">5500 segundos é 01:31:40!</msg>
<arg>5500 segundos é ${HORA}!</arg>
<doc>Logs the given message with the given level.</doc>
<status status="PASS" start="2025-02-15T15:54:47.300749" elapsed="0.001001"/>
</kw>
<status status="PASS" start="2025-02-15T15:54:47.288744" elapsed="0.013006"/>
</kw>
<status status="PASS" start="2025-02-15T15:54:47.243750" elapsed="0.068996"/>
</test>
<test id="s1-s2-s1-t3" name="Exemplo 03: Cálculos com data" line="14">
<kw name="Adicionando tempo de data">
<kw name="Get Current Date" owner="DateTime">
<msg time="2025-02-15T15:54:47.330745" level="INFO">${ANTES} = 2025-02-15 15:54:47.331</msg>
<var>${ANTES}</var>
<doc>Returns current local or UTC time with an optional increment.</doc>
<status status="PASS" start="2025-02-15T15:54:47.329750" elapsed="0.000995"/>
</kw>
<kw name="Add Time To Date" owner="DateTime">
<msg time="2025-02-15T15:54:47.335745" level="INFO">${DEPOIS} = 15-02-2025 19:54:47</msg>
<var>${DEPOIS}</var>
<arg>${ANTES}</arg>
<arg>4 hours</arg>
<arg>result_format=%d-%m-%Y %H:%M:%S</arg>
<doc>Adds time to date and returns the resulting date.</doc>
<status status="PASS" start="2025-02-15T15:54:47.331743" elapsed="0.005003"/>
</kw>
<kw name="Log" owner="BuiltIn">
<msg time="2025-02-15T15:54:47.337743" level="INFO">Antes: 2025-02-15 15:54:47.331 - Depois: 15-02-2025 19:54:47</msg>
<arg>Antes: ${ANTES} - Depois: ${DEPOIS}</arg>
<doc>Logs the given message with the given level.</doc>
<status status="PASS" start="2025-02-15T15:54:47.336746" elapsed="0.000997"/>
</kw>
<kw name="Get Current Date" owner="DateTime">
<msg time="2025-02-15T15:54:47.344750" level="INFO">${ANTES} = 2025-02-15 15:54:47.339</msg>
<var>${ANTES}</var>
<doc>Returns current local or UTC time with an optional increment.</doc>
<status status="PASS" start="2025-02-15T15:54:47.338744" elapsed="0.006006"/>
</kw>
<kw name="Add Time To Date" owner="DateTime">
<msg time="2025-02-15T15:54:47.346747" level="INFO">${DEPOIS} = 22-02-2025 15:54:47</msg>
<var>${DEPOIS}</var>
<arg>${ANTES}</arg>
<arg>7 days</arg>
<arg>result_format=%d-%m-%Y %H:%M:%S</arg>
<doc>Adds time to date and returns the resulting date.</doc>
<status status="PASS" start="2025-02-15T15:54:47.345753" elapsed="0.000994"/>
</kw>
<kw name="Log" owner="BuiltIn">
<msg time="2025-02-15T15:54:47.348746" level="INFO">Antes: 2025-02-15 15:54:47.339 - Depois: 22-02-2025 15:54:47</msg>
<arg>Antes: ${ANTES} - Depois: ${DEPOIS}</arg>
<doc>Logs the given message with the given level.</doc>
<status status="PASS" start="2025-02-15T15:54:47.347746" elapsed="0.001000"/>
</kw>
<status status="PASS" start="2025-02-15T15:54:47.328749" elapsed="0.019997"/>
</kw>
<kw name="Subtraindo tempo de data">
<kw name="Get Current Date" owner="DateTime">
<msg time="2025-02-15T15:54:47.359742" level="INFO">${ANTES} = 2025-02-15 15:54:47.360</msg>
<var>${ANTES}</var>
<doc>Returns current local or UTC time with an optional increment.</doc>
<status status="PASS" start="2025-02-15T15:54:47.358743" elapsed="0.000999"/>
</kw>
<kw name="Subtract Time From Date" owner="DateTime">
<msg time="2025-02-15T15:54:47.363747" level="INFO">${DEPOIS} = 15-02-2025 15:29:47</msg>
<var>${DEPOIS}</var>
<arg>${ANTES}</arg>
<arg>25 minutes</arg>
<arg>result_format=%d-%m-%Y %H:%M:%S</arg>
<doc>Subtracts time from date and returns the resulting date.</doc>
<status status="PASS" start="2025-02-15T15:54:47.361743" elapsed="0.002004"/>
</kw>
<kw name="Log" owner="BuiltIn">
<msg time="2025-02-15T15:54:47.364743" level="INFO">Antes: 2025-02-15 15:54:47.360 - Depois: 15-02-2025 15:29:47</msg>
<arg>Antes: ${ANTES} - Depois: ${DEPOIS}</arg>
<doc>Logs the given message with the given level.</doc>
<status status="PASS" start="2025-02-15T15:54:47.364743" elapsed="0.000999"/>
</kw>
<kw name="Get Current Date" owner="DateTime">
<msg time="2025-02-15T15:54:47.366741" level="INFO">${ANTES} = 2025-02-15 15:54:47.366</msg>
<var>${ANTES}</var>
<doc>Returns current local or UTC time with an optional increment.</doc>
<status status="PASS" start="2025-02-15T15:54:47.365742" elapsed="0.000999"/>
</kw>
<kw name="Subtract Time From Date" owner="DateTime">
<msg time="2025-02-15T15:54:47.367742" level="INFO">${DEPOIS} = 13-02-2025 15:54:47</msg>
<var>${DEPOIS}</var>
<arg>${ANTES}</arg>
<arg>2 days</arg>
<arg>result_format=%d-%m-%Y %H:%M:%S</arg>
<doc>Subtracts time from date and returns the resulting date.</doc>
<status status="PASS" start="2025-02-15T15:54:47.366741" elapsed="0.001001"/>
</kw>
<kw name="Log" owner="BuiltIn">
<msg time="2025-02-15T15:54:47.369742" level="INFO">Antes: 2025-02-15 15:54:47.366 - Depois: 13-02-2025 15:54:47</msg>
<arg>Antes: ${ANTES} - Depois: ${DEPOIS}</arg>
<doc>Logs the given message with the given level.</doc>
<status status="PASS" start="2025-02-15T15:54:47.368742" elapsed="0.001000"/>
</kw>
<status status="PASS" start="2025-02-15T15:54:47.354745" elapsed="0.014997"/>
</kw>
<status status="PASS" start="2025-02-15T15:54:47.320745" elapsed="0.049996"/>
</test>
<doc>http://robotframework.org/robotframework/latest/libraries/DateTime.html</doc>
<status status="PASS" start="2025-02-15T15:54:46.934770" elapsed="0.444973"/>
</suite>
<status status="PASS" start="2025-02-15T15:54:46.925770" elapsed="0.468973"/>
</suite>
<suite id="s1-s3" name="DiffLibrary" source="C:\workspace\curso-robot-framework-avancado-may\bibliotecas_auxiliares\tests\DiffLibrary">
<suite id="s1-s3-s1" name="Diff Library" source="C:\workspace\curso-robot-framework-avancado-may\bibliotecas_auxiliares\tests\DiffLibrary\diff_library.robot">
<test id="s1-s3-s1-t1" name="Exemplo 01: Diferença entre arquivos" line="11">
<kw name="Teste de diferença entre arquivos">
<kw name="Diff Files" owner="DiffLibrary">
<msg time="2025-02-15T15:54:47.475735" level="INFO">file1: C:\workspace\curso-robot-framework-avancado-may\bibliotecas_auxiliares\tests\DiffLibrary/my_files/arquivo_texto_exem_1.txt</msg>
<msg time="2025-02-15T15:54:47.475735" level="INFO">file2: C:\workspace\curso-robot-framework-avancado-may\bibliotecas_auxiliares\tests\DiffLibrary/my_files/arquivo_texto_exem_2.txt</msg>
<msg time="2025-02-15T15:54:47.477738" level="INFO">C:\Program Files\Python312\Lib\site-packages\DiffLibrary\bin\diff\diff.exe --strip-trailing-cr  "C:\workspace\curso-robot-framework-avancado-may\bibliotecas_auxiliares\tests\DiffLibrary/my_files/arquivo_texto_exem_1.txt" "C:\workspace\curso-robot-framework-avancado-may\bibliotecas_auxiliares\tests\DiffLibrary/my_files/arquivo_texto_exem_2.txt"</msg>
<arg>${arquivo_1}</arg>
<arg>${arquivo_2}</arg>
<doc>Diff two text files</doc>
<status status="PASS" start="2025-02-15T15:54:47.474733" elapsed="0.060998"/>
</kw>
<arg>${ARQ_TEXTO_1}</arg>
<arg>${ARQ_TEXTO_2}</arg>
<doc>Keyword responsável por comparar dois arquivos</doc>
<status status="PASS" start="2025-02-15T15:54:47.472733" elapsed="0.062998"/>
</kw>
<doc>Teste que verifica a diferença entre dois arquivos</doc>
<status status="PASS" start="2025-02-15T15:54:47.470735" elapsed="0.065998"/>
</test>
<doc>Teste de diferença entre arquivos com a biblioteca DiffLibrary
Documentação da biblioteca: https://github.com/MarketSquare/robotframework-difflibrary e https://marketsquare.github.io/robotframework-difflibrary/</doc>
<status status="PASS" start="2025-02-15T15:54:47.428740" elapsed="0.110991"/>
</suite>
<status status="PASS" start="2025-02-15T15:54:47.404739" elapsed="0.140993"/>
</suite>
<suite id="s1-s4" name="OperatingSystem" source="C:\workspace\curso-robot-framework-avancado-may\bibliotecas_auxiliares\tests\OperatingSystem">
<suite id="s1-s4-s1" name="Operating System" source="C:\workspace\curso-robot-framework-avancado-may\bibliotecas_auxiliares\tests\OperatingSystem\operating_system.robot">
<test id="s1-s4-s1-t1" name="Exemplo 01: Criando arquivos" line="6">
<kw name="Criando um arquivo texto">
<kw name="Create File" owner="OperatingSystem">
<msg time="2025-02-15T15:54:47.610725" level="INFO" html="true">Created file '&lt;a href="file://C:\workspace\curso-robot-framework-avancado-may\bibliotecas_auxiliares\tests\OperatingSystem\my_files\arquivo_TEXTO.txt"&gt;C:\workspace\curso-robot-framework-avancado-may\bibliotecas_auxiliares\tests\OperatingSystem\my_files\arquivo_TEXTO.txt&lt;/a&gt;'.</msg>
<arg>C:\\workspace\\curso-robot-framework-avancado-may\\bibliotecas_auxiliares\\tests\\OperatingSystem/my_files/arquivo_TEXTO.txt</arg>
<arg>Esse curso vai me tornar um ninja em Robot Framework!!!!</arg>
<doc>Creates a file with the given content and encoding.</doc>
<status status="PASS" start="2025-02-15T15:54:47.607736" elapsed="0.003989"/>
</kw>
<status status="PASS" start="2025-02-15T15:54:47.605724" elapsed="0.006001"/>
</kw>
<kw name="Criando um arquivo JSON">
<kw name="Create File" owner="OperatingSystem">
<msg time="2025-02-15T15:54:47.615729" level="INFO" html="true">Created file '&lt;a href="file://C:\workspace\curso-robot-framework-avancado-may\bibliotecas_auxiliares\tests\OperatingSystem\my_files\arquivo_JSON.json"&gt;C:\workspace\curso-robot-framework-avancado-may\bibliotecas_auxiliares\tests\OperatingSystem\my_files\arquivo_JSON.json&lt;/a&gt;'.</msg>
<arg>C:\\workspace\\curso-robot-framework-avancado-may\\bibliotecas_auxiliares\\tests\\OperatingSystem/my_files/arquivo_JSON.json</arg>
<arg>{"teste01": "valor01", "teste02": 2, "teste03": [1, 2, 3]}</arg>
<doc>Creates a file with the given content and encoding.</doc>
<status status="PASS" start="2025-02-15T15:54:47.613726" elapsed="0.003000"/>
</kw>
<status status="PASS" start="2025-02-15T15:54:47.612727" elapsed="0.003999"/>
</kw>
<status status="PASS" start="2025-02-15T15:54:47.603726" elapsed="0.014001"/>
</test>
<test id="s1-s4-s1-t2" name="Exemplo 02: Copiando arquivos" line="10">
<kw name="Copiando meu arquivo">
<kw name="Copy File" owner="OperatingSystem">
<msg time="2025-02-15T15:54:47.642726" level="INFO" html="true">Copied file from '&lt;a href="file://C:\workspace\curso-robot-framework-avancado-may\bibliotecas_auxiliares\tests\OperatingSystem\my_files\arquivo_TEXTO.txt"&gt;C:\workspace\curso-robot-framework-avancado-may\bibliotecas_auxiliares\tests\OperatingSystem\my_files\arquivo_TEXTO.txt&lt;/a&gt;' to '&lt;a href="file://C:\workspace\curso-robot-framework-avancado-may\bibliotecas_auxiliares\tests\OperatingSystem\my_files\arquivo_TEXTO_COPIA.txt"&gt;C:\workspace\curso-robot-framework-avancado-may\bibliotecas_auxiliares\tests\OperatingSystem\my_files\arquivo_TEXTO_COPIA.txt&lt;/a&gt;'.</msg>
<arg>C:\\workspace\\curso-robot-framework-avancado-may\\bibliotecas_auxiliares\\tests\\OperatingSystem/my_files/arquivo_TEXTO.txt</arg>
<arg>C:\\workspace\\curso-robot-framework-avancado-may\\bibliotecas_auxiliares\\tests\\OperatingSystem/my_files/arquivo_TEXTO_COPIA.txt</arg>
<doc>Copies the source file into the destination.</doc>
<status status="PASS" start="2025-02-15T15:54:47.622724" elapsed="0.020002"/>
</kw>
<kw name="Copy File" owner="OperatingSystem">
<msg time="2025-02-15T15:54:47.664723" level="INFO" html="true">Copied file from '&lt;a href="file://C:\workspace\curso-robot-framework-avancado-may\bibliotecas_auxiliares\tests\OperatingSystem\my_files\arquivo_JSON.json"&gt;C:\workspace\curso-robot-framework-avancado-may\bibliotecas_auxiliares\tests\OperatingSystem\my_files\arquivo_JSON.json&lt;/a&gt;' to '&lt;a href="file://C:\workspace\curso-robot-framework-avancado-may\bibliotecas_auxiliares\tests\OperatingSystem\my_files\arquivo_JSON_COPIA.json"&gt;C:\workspace\curso-robot-framework-avancado-may\bibliotecas_auxiliares\tests\OperatingSystem\my_files\arquivo_JSON_COPIA.json&lt;/a&gt;'.</msg>
<arg>C:\\workspace\\curso-robot-framework-avancado-may\\bibliotecas_auxiliares\\tests\\OperatingSystem/my_files/arquivo_JSON.json</arg>
<arg>C:\\workspace\\curso-robot-framework-avancado-may\\bibliotecas_auxiliares\\tests\\OperatingSystem/my_files/arquivo_JSON_COPIA.json</arg>
<doc>Copies the source file into the destination.</doc>
<status status="PASS" start="2025-02-15T15:54:47.643724" elapsed="0.021999"/>
</kw>
<status status="PASS" start="2025-02-15T15:54:47.621727" elapsed="0.043996"/>
</kw>
<status status="PASS" start="2025-02-15T15:54:47.619726" elapsed="0.047999"/>
</test>
<test id="s1-s4-s1-t3" name="Exemplo 03: Lendo meu arquivo" line="13">
<kw name="Lendo o conteúdo">
<kw name="Get File" owner="OperatingSystem">
<msg time="2025-02-15T15:54:47.674721" level="INFO" html="true">Getting file '&lt;a href="file://C:\workspace\curso-robot-framework-avancado-may\bibliotecas_auxiliares\tests\OperatingSystem\my_files\arquivo_TEXTO.txt"&gt;C:\workspace\curso-robot-framework-avancado-may\bibliotecas_auxiliares\tests\OperatingSystem\my_files\arquivo_TEXTO.txt&lt;/a&gt;'.</msg>
<msg time="2025-02-15T15:54:47.675722" level="INFO">${MEU_ARQUIVO} = Esse curso vai me tornar um ninja em Robot Framework!!!!</msg>
<var>${MEU_ARQUIVO}</var>
<arg>C:\\workspace\\curso-robot-framework-avancado-may\\bibliotecas_auxiliares\\tests\\OperatingSystem/my_files/arquivo_TEXTO.txt</arg>
<doc>Returns the contents of a specified file.</doc>
<status status="PASS" start="2025-02-15T15:54:47.673723" elapsed="0.001999"/>
</kw>
<kw name="Get File Size" owner="OperatingSystem">
<msg time="2025-02-15T15:54:47.676722" level="INFO" html="true">Size of file '&lt;a href="file://C:\workspace\curso-robot-framework-avancado-may\bibliotecas_auxiliares\tests\OperatingSystem\my_files\arquivo_TEXTO.txt"&gt;C:\workspace\curso-robot-framework-avancado-may\bibliotecas_auxiliares\tests\OperatingSystem\my_files\arquivo_TEXTO.txt&lt;/a&gt;' is 56 bytes.</msg>
<msg time="2025-02-15T15:54:47.677723" level="INFO">${SIZE} = 56</msg>
<var>${SIZE}</var>
<arg>C:\\workspace\\curso-robot-framework-avancado-may\\bibliotecas_auxiliares\\tests\\OperatingSystem/my_files/arquivo_TEXTO.txt</arg>
<doc>Returns and logs file size as an integer in bytes.</doc>
<status status="PASS" start="2025-02-15T15:54:47.675722" elapsed="0.002001"/>
</kw>
<kw name="Log" owner="BuiltIn">
<msg time="2025-02-15T15:54:47.678723" level="INFO">Esse curso vai me tornar um ninja em Robot Framework!!!!</msg>
<arg>${MEU_ARQUIVO}</arg>
<doc>Logs the given message with the given level.</doc>
<status status="PASS" start="2025-02-15T15:54:47.677723" elapsed="0.001000"/>
</kw>
<status status="PASS" start="2025-02-15T15:54:47.671722" elapsed="0.008002"/>
</kw>
<kw name="Lendo o binário">
<kw name="Should Exist" owner="OperatingSystem">
<msg time="2025-02-15T15:54:47.681719" level="INFO" html="true">Path '&lt;a href="file://C:\workspace\curso-robot-framework-avancado-may\bibliotecas_auxiliares\tests\OperatingSystem\my_files\arquivo_PDF.pdf"&gt;C:\workspace\curso-robot-framework-avancado-may\bibliotecas_auxiliares\tests\OperatingSystem\my_files\arquivo_PDF.pdf&lt;/a&gt;' exists.</msg>
<arg>C:\\workspace\\curso-robot-framework-avancado-may\\bibliotecas_auxiliares\\tests\\OperatingSystem/my_files/arquivo_PDF.pdf</arg>
<arg>msg=O arquivo não existe!! Verifique!</arg>
<doc>Fails unless the given path (file or directory) exists.</doc>
<status status="PASS" start="2025-02-15T15:54:47.680723" elapsed="0.000996"/>
</kw>
<kw name="Get Binary File" owner="OperatingSystem">
<msg time="2025-02-15T15:54:47.686727" level="INFO" html="true">Getting file '&lt;a href="file://C:\workspace\curso-robot-framework-avancado-may\bibliotecas_auxiliares\tests\OperatingSystem\my_files\arquivo_PDF.pdf"&gt;C:\workspace\curso-robot-framework-avancado-may\bibliotecas_auxiliares\tests\OperatingSystem\my_files\arquivo_PDF.pdf&lt;/a&gt;'.</msg>
<msg time="2025-02-15T15:54:47.688722" level="INFO">${MEU_ARQUIVO} = %PDF-1.4
%Ã¤Ã¼Ã¶Ã
2 0 obj
&lt;&lt;/Length 3 0 R/Filter/FlateDecode&gt;&gt;
stream
xÏ=Â@àý~EfÁóMî£W(«Up«8à ØÅ¿o¤ H{áB ð$ez' U(Jm¢þb3z=ýÖE3M6B¹'±ñóT`'6P(¼Ï´Ø0%P¾+pÍ^s@Ô§¼3m6Ý¿x]Ëã...</msg>
<var>${MEU_ARQUIVO}</var>
<arg>C:\\workspace\\curso-robot-framework-avancado-may\\bibliotecas_auxiliares\\tests\\OperatingSystem/my_files/arquivo_PDF.pdf</arg>
<doc>Returns the contents of a specified file.</doc>
<status status="PASS" start="2025-02-15T15:54:47.685724" elapsed="0.002998"/>
</kw>
<kw name="Get File Size" owner="OperatingSystem">
<msg time="2025-02-15T15:54:47.691722" level="INFO" html="true">Size of file '&lt;a href="file://C:\workspace\curso-robot-framework-avancado-may\bibliotecas_auxiliares\tests\OperatingSystem\my_files\arquivo_PDF.pdf"&gt;C:\workspace\curso-robot-framework-avancado-may\bibliotecas_auxiliares\tests\OperatingSystem\my_files\arquivo_PDF.pdf&lt;/a&gt;' is 8055 bytes.</msg>
<msg time="2025-02-15T15:54:47.692722" level="INFO">${SIZE} = 8055</msg>
<var>${SIZE}</var>
<arg>C:\\workspace\\curso-robot-framework-avancado-may\\bibliotecas_auxiliares\\tests\\OperatingSystem/my_files/arquivo_PDF.pdf</arg>
<doc>Returns and logs file size as an integer in bytes.</doc>
<status status="PASS" start="2025-02-15T15:54:47.689721" elapsed="0.003001"/>
</kw>
<kw name="Log" owner="BuiltIn">
<msg time="2025-02-15T15:54:47.693721" level="INFO">%PDF-1.4
%Ã¤Ã¼Ã¶Ã
2 0 obj
&lt;&lt;/Length 3 0 R/Filter/FlateDecode&gt;&gt;
stream
xÏ=Â@àý~EfÁóMî£W(«Up«8à ØÅ¿o¤ H{áB ð$ez' U(Jm¢þb3z=ýÖE3M6B¹'±ñóT`'6P(¼Ï´Ø0%P¾+pÍ^s@Ô§¼3m6Ý¿x]ËãÊz®h&amp;ËÉ©ì$ÙâG®°Bµ~_çûQA&amp;½sh±a@mY¾pGoóR`
endstream
endobj

3 0 obj
178
endobj

5 0 obj
&lt;&lt;/Length 6 0 R/Filter/FlateDecode/Length1 9628&gt;&gt;
stream
xåZ{|Õ½?ó}dwg³»IxÎ²&amp;		Ù$`L
'´H"A#ÙìNÕ$»ÝÝÑ{!Ö,ØøªOD±Z7µ6h
ý R+j­OD©ÞFiµ¢ÝÜß93`oïý÷ÎæÌüÎ9¿ó{|¿ó;3h4Ü­ #êEòø:½!ÏÜL7Bè(BÕwMT¶è«@¿í¶ÖP[çEÕ/@	!DÛ:zZkâq½v·+^¿þ¥ßæí0°ýìïDè7CÿöÎè[Ä×VCÿFè_ÒôyOd±Cÿôçtz7î*è}¹ËÛ©üqê¯g#dMGÈr2D[ÑQfÅó¡°^y{!×4°l@üð6P&lt;îÓËñ¨Ó)&amp;³E²¢ÿ_2¸Ã(7vGÿí~&amp;ºGÿó(ñ&amp;Dôç£m¥k{ã7ú%ócddïGôIA5¢DÝè:ÈÐ´íDýè	ôúFGÐ«èô:.C~tp÷Zà¼ð=E^îß£_ ÓèÚ^i&gt;´J×¤ýý2ÂÈ´4mC] ïû®ÿ@Ãü6àÍÞu¢3£=(cô½ª£ÐWÄwëaü&lt;ý³ÑÑD-¦øZÐ½Å&lt;¾¾«ÎTèßTmrû*zBO¢Eh%j5ö£¥ô^téçùÑÔDÿû=}=³Ú
Vh×w°Z2öÙR­eÙb4ìÓëDßÇ±MÅPNSÕ×·9FeÇ¸*cK®=&gt;/GÄ&lt;ÞÚ*Ðûn=`A-ÍÙF¿Ëï½bMñ6ÎËq:qwëjN¬wåµ/£©O!Ý£ñÌÁä½Ïô&amp;gÆ7»órP¬Ú ªQ ««. 2/§Ê%\ÈföÕ®ñnÚ|kc«ÒÛ+åÕ,WÅª¯iï«j®Ñ¹Ì? pY®ì&gt;ËÅßP´%®%.¯&lt; ð0*÷yö¶ÄØ,Y¶ô],WËà©ï²æ§s9Éb½-Þ¾ïr&amp;õ_dÞ(µõ&lt;ÓÕ®êæ¾¾j\Ý×¬Îºd«o`ùò¾PU³CµkbÜ:5æ¹µ±5T¯	~^ÎòUkª*§:ª*yå0XYÞ¾­S³ûnmh(\Já9`ÐW¸ð2([¸`qð
, FñÂÕ]!P)Hdh(a,ZÉÓ)+-Y¥bk1Z$PÐÍO59%§	7
±è¬é=ÛË¡"Û5Ê  ¹*g ¨.¨É3i6S¦òâCMhñâxiþ|Uä´;%zfüö¯ñ/¸ìþþoÅ(8zù½IÈ¶z~t©ÀTiò+«tíÛÌ÷80?î1û§LÏ9^daÓÇ1Ýë¦c¶7è&gt;6}`ûãkÇ´2«½ÌJTÌe´ÁLß¾=MuK²Ñc7·ï3&gt;i4¾bÔ­)âòFFÞiKG^Yl-ÉÁdò®Y¨¨¸­à´:Ý)§Å5ùàÐOþx2~¯Î¦j¯Ûo¦Þ;ñ¡«Z8C&amp;N%¥ÿ,§SyV?ø·m@NäõTòS+Ó×	âÚ©½oêîÇ¯O9iüxÊ·ºj#bÊD]ÆÖ$¬­Ì$4»z]tZ¾ÁÊ»­û¦SÓ-À¾ÓTVæVüù¨ia£À½ ¨0Ê**\PàIÙ³\³x»m&amp;5²ÛÀ£þ¶×ú#£G¼üæ¹·4´Ý¶îOÄ6gío¾¢J)Ï¿êwÛÊwå/_Üø9wþhû|VA%ü%ç@6´Ø3g[Ìî¥·7óeF·àfe3Ý6®q4[úRq¼4[¹x¨gäØU$¹
ÚqBØ
Üé=WÜñè-ÃÔ´ÄÉ³/ÊxünzãÎáÔ7wÆwOQs­ÅgN»gÅiÖ*k½mgïïJ}B|4õvÐò[úPú[öÏ-£¯S­JÇ(é#
N¡é;hÚn436q&amp;[¡·ð4ðNS¼´çêÈbÈbÎ"°.²XÜiRÄ$-`.³qÃß&gt;=öÂ¦Cî¾eóÎ³»ú~DÍø2SËvÒo3%O¼¸a/X&gt;{¥öÙÇÃsv.Ï\j^a^úcîn7÷+ñ©r½Ü/H¦QÒ!ÅPòFÜïà§dät;Òvrº2(é¬ljÚñËçKW$&amp;N6Õ?wôg¯ç×¬Ûõ×Äñ}ô=~ïa¤Z
±%é¨ÎSI³ãu´ÞÂÚ9»Î¢Í.³,µ­bë¹:ýµº&gt;ÝNv·=,¾ÎÙÓË):¥ÖAî	§NHÁ¾Ó4£;fæ,Ïº2òÂev.üëÛÙ×Àøf8ñ!BÉ®ßtéëo&lt;Áné~6q,±çxwkÿ=S»ýò
q`-ó-X«CzÒÅr-ç&lt;&lt;ïà³x§9PñÀÈ(Üø4ý	Ë=ñf,sbñØZíYÄ2¬ÅÁØ%KX ÜÁì°ìf´¼nü^íªÄ	¯Gbo*epÏ7ÛEFd,n
×[H7øºKöüùà~¶Ã.¹¤BÈAþùm/Yµÿ~vÑÑ{ï&lt;û%}´§m$^¦Õ=ö:°ÆÒÐOu¹éRË¥¶rÇ]¦;-wÚîrì1í¶ì¶íq|c:c9cûÆa±ñ±Û3hs!ÒÉºù:î&gt;Ý ×ÙÍ¡Ê¤.,&amp;$0|MòÝýyâ*íóÏ©´Ä'ïxðÁ;x rS&lt;üò¯$¾ßË;ß&gt;|øÏ&gt;|øm-XÈäë&lt;óÉÐgñyú"¾X¿B¥~]ª"øÅÓ-öè{Å[ô;Ù{ô°¿Ð?#&gt;§ÿá¨þOú·¦ôE:Q'Rr½ÜaÕÒ:kh0r&amp;£V¼	_tKÕØJÅ¹ÜøÁ±MµL Tr8]ÔÁãöo£&gt;K$U¾øûÄ¾¹Ã¿Þû·KâËép|c¾÷®±ÃûÏÆkI©uu½oåwèoOÝ¥$õWü^ËKìÑ´7ì',§-_¥JRÂ 86BZàJb+BFÇÄÓ"'¦0æI¡eÆÄZ$Õn¡]³f©¤LÃi"÷¨µ¤7=ý®¾-;Ï&gt;ÜoäÆLø:ñ÷Äþ)ó_¦6îÕ29=Ê¸§C§ß¨f,Íæf1º"%â³:¯é%(mØ°%SBËÓ4»£ÝïÍpÌ~n#NQîôn¼£Ô(¦éh6êõ\idKÆX¬2ÖBëk½PëÜ$l~mxÁú&amp;ûáõÎ¿°'­'iðfB¦
³±L¤%!Í3ÍUA¶Ï¥L:4Ãm6¡)ôÓ&amp;;ew¹µ#4x](ÖNr¿6g-;á@»ÀYPTF©Ûi0ÃH³IN¸éìÚüTôÜá»÷ÿ.¶ÿñöSÅÊ¾Å»øk®ë{hÏõOÞð|óC+~&lt;aÛÃvÊÊ ¯U´¨èòð&amp;2]æ)ayVoãmáYúü}^'UêôJAÚd°§[¦çM´MBªÛÎL,èìp¼ÿH$P·cû±:C =o;ñÖ[ßß~ß¡w?zèÛÃ9ùÑ»Î~JyöOñ9ôçÞÏÁy_Tü4ø3¢&lt;suYÆÜ2}±ÛnænÖÝA?BÿÝcx~ÝÏ^äÞÐ½i8Å"|¤;eHç7,iÈ0ÊÌ_hÏÌç«ø á?_ÒgÑð[aY7ÇÏ×óÚ(êz&gt;¢ÞÀ å£x£^Ç qÒ»gêòttÎßý:3pHIÉ¢G¬Ô&amp;J/0iÅy#yd¤Â¼Âlæâ7Ãß,æÆ¹cT|³8²Y&lt;Q£*H%¡¨Ä&gt;£¨á(iOâÞC'Î²ÎþYÛ?_ÄÏdµ¿	ö¹vyµÌeòùÜ¾+çËU\ßÂGøøò¿`÷óÃüi^âá½ØþñÜ0¼Ñs,' Y¿ÎÓÛRqÕR«ZÀjQ+MU £\D:úZb)m= øì³,mNpñçéyñ?â¯MòNo2óÇÖKÿ2DòúÈ+×_5þI:zÄ_ÔpRÚ&lt;ÅCg¯ðÝJ¡ÉW*CYÙndm¨N *z¨ÓA¿r	4È.v³¢ ðÂÜ0Sý«Q°¾/oõ'0ÈÑØQWÃï0BûémôqfóSæsöö^öî&amp;îÄT4r_4²À»ü	7òë &amp;âÙlZ?fëÚ1»)XµV£iøèÔhå£¨F³Àó°Fsñ4s|H£Tkt
5D°V2éW	Ía«èw	ÍñÏ-ño	-bÑZö1S4BYÌËM#ó¥F3¨¥5EY¬_£9Îöi4f±j´ÂìFë¹nF§0[ô-ÖcÛR&gt;%´Ûò¡xÜÄÚDh+¡-ØÓB§m5åÚFxÚåÚAÆ×:¬m%ôTÂ%ôtÂs#¡gú6B_@øNèy8Ö¦Ç0-5Zÿ4¦êøVí¹"ê	ÚÚ£ò9¿¸¸@.´)Áõr\ìèT"òÒ._®\ÖÑ!¶V"JøÅ+×z£¹r¥ÉÝçºç!èÖ*]þÜKº}¿W^ííÈõ]_Ð¯¬RÚº;¼áóÌÈÚT\US"Â9¿(ØTrJ8vÉE¹óóÕi&lt;«MjüìsÛ¨Vür4ìõ+ÞðÕr°õü~^ð`kTtBXÔì/Ýr§·Gî(r´ãa9}aÅUrd êðöäÈÞ.¿ÖÃ¬Xxz#rH	w¢Q×Òë¹#àSº°,ÈÁphÅrðs
ýÝ¾h±µ9xMRA K^ßðµO°l=(tù:ºý8PIë]=òÀ\YélÁx±e-a÷ºÚpð£á/
Ð+ÀËÇdæ@KTéÃ^eì®ïêzýÑóªP)aìNTÁ½;êÊ~»yÚÐdD!»z4vø´Z`s.ú!ù÷ÉNäE@µ *)è*Ô&gt;6&gt;·*Füp#?ó3fyöó,ó8ªÞê¹jCíÀ-£=Ðò¡¶£ ÊÉBô¬~´ ;@"Ð[
ò}(¨2íç¸´éa&gt;×ÀÝO8kÁ(¡*É,¦Üè"Ð
?+¢Ñ
ñ#]ºA_ø$Ø?¬§	ÂVAkÎâù¿·FþÎªâø[B¼Ï:&gt;E`é8N%ÿ¦CF0.\ð5ÒêäÚÉ+'ËÙ^Ý6ÒÙaè0ÌâuÄ«a,ZÿWñ¬z&amp;[Õm á{@Va6Ý4V(c±Çø`íWÃHa«£Å^âGhUQrW³£s­Xnõ$°V]FPP$/¬y×­ñÉD§äuoR?¦°vìOøys^IkÔ~«¶"Çà¯B8[aÍ±Änâ:Ò®ù\½×"ò¢Z&gt;äÿ»HìüçÉÁI(,ùªïÄ§$"e¿±X'¡(Ã;R&gt;ì*U'^§îË áë$OÍ%6D@C=&gt;b³`¢é&amp;yÑJ4+ÐiÕÉµ8;¯Ñ,ñjH¨¢òãLBäØ¶}®Fr\»&gt; BD÷8Ê=ä¿é¨sÉu
±¢slxÙ=ÁóV2ê'XGµÝè%¼ÿÊÜÿë	kóX&lt;÷D:À,WãNyä\YY5#öOÌm,irm(PsÎ-Ù0Ùû³î»õKÕ¬ÖÞÉsÕ$ï»vçsó.)[­5ê¼zõIäU-u$öj´BÚ¾P%¨ª«hö·h{²&gt;²Ã}Äóy¬Êx§vYÉ¸HöLæ_Jª¯ºÂGbÓ¢í;ø½Vwç¥¤*ÉÆÙÕöRD3 Y!ö¶QËÛN²ËÇó6
(¨Õ=É-j%ù
A]!&gt;O®QPÏ)u­O¢h}/­âÛI23ªY×BìjQè )Ä{E«zjELVÉ#ãÕ7g¬u&gt;tB¤ï'xGµ}£¾#¨zsÆô|×5Rë	N&gt;¸³õ§÷ÿ¼Øã5üsá©X'ÏÒs¥«6ü_±&gt;~6©û"J"ç°3Îõ ©ý\»J&amp;äöDõ%Jô^í¦äÞ]dwz¿×S5÷¼²JÝÉAí®z¥ÒxOÈ]&amp;Ö&amp;£ÓNvMè_æ¨Ze»´ÈKOî2ÎloAZíÄ÷âqÚK²ù|sLâÃUcâ3ygþÄÂ	}vÏ.g°?{ñ$¸b|Âý?~oÿ~®óÓö¯6±ó\Ñ'oÍz7eH6:¥å.©
Z%´
hhËgKåe.é`Ù±²÷ËN±·dJ9s¤Ð~;/½8%½mh8G=gª4gn4æ.6/7_ÊÉÍ²¡-(Ì @ËwçKóÝ³¥&lt;÷É]8_ªmJÖÕ9¤+ë*¥¦ºÒu&amp;éòº|imUj¬ÓIkêÒeÐ`¾¾.,­®1K« ­¬1Hµ5)ÒRé5Ò¥5³¥KjfIË^VÓ+-­Y!f\ô¶ì4²!»Åf±Ë6Ùþ¾í}»¨C6O/²ÓbIzIí«ÔÐ:¦!µÁÕPÐài¨màíEUõ¾HÀ,M]úÐRÆ·4²Ö¹êê+êW×³Å554SZóPC¤Ìeq8M"¦Ñ&amp;ZEh¢^E^dEZD"ª®Æ¨¥¦ÇÜËW­õNo\;èCË[äØW«](ýÊµ1ÎUNÅ¬ËÑòºòg%¼é'%´hç«bbseö9Wú@MMU æÙZ9PW§h÷+µ{sÅèªöX'4ÏÖæìªñ@wUµ7ÇfAA'¤M]ÔäÅ1ü?Äc+c.ì2C%=I%´ÿ7G~­m
endstream
endobj

6 0 obj
5771
endobj

7 0 obj
&lt;&lt;/Type/FontDescriptor/FontName/BAAAAA+LucidaSansUnicode
/Flags 4
/FontBBox[-614 -439 1384 1145]/ItalicAngle 0
/Ascent 1096
/Descent -439
/CapHeight 1144
/StemV 80
/FontFile2 5 0 R
&gt;&gt;
endobj

8 0 obj
&lt;&lt;/Length 304/Filter/FlateDecode&gt;&gt;
stream
x]Mo0ïù9v@?è$ÔB8ìCcû41]¤¢ø÷Kìnv=¶ß7qì¤jëÖh¼ºIvàù r0O7'_àªK3®´ô÷ÿrì-K·[fck©(Xòj³w_Õt¼8N+_}T]»µ_0ñ\°²ä
pÎSoût­[ÊÚ/ë`ù¼/xqJ­ÈIÁl{	®7W`%/¦d`Ô¿Zz Ëe½Ò4HØmËÀò~yo"oQ³CÎDä=é1Ó9? o1ÿH¼|$ý9ò¸\7\SùL÷"7O§¸Lýçyä{ÿ'|øýqqG?£åòæ\+.ç'©ðßeÛÉF~ßKÜr
endstream
endobj

9 0 obj
&lt;&lt;/Type/Font/Subtype/TrueType/BaseFont/BAAAAA+LucidaSansUnicode
/FirstChar 0
/LastChar 18
/Widths[750 632 557 509 374 316 629 552 749 536 620 614 632 629 409 552
933 770 584 ]
/FontDescriptor 7 0 R
/ToUnicode 8 0 R
&gt;&gt;
endobj

10 0 obj
&lt;&lt;/F1 9 0 R
&gt;&gt;
endobj

11 0 obj
&lt;&lt;/Font 10 0 R
/ProcSet[/PDF/Text]
&gt;&gt;
endobj

1 0 obj
&lt;&lt;/Type/Page/Parent 4 0 R/Resources 11 0 R/MediaBox[0 0 595 842]/Group&lt;&lt;/S/Transparency/CS/DeviceRGB/I true&gt;&gt;/Contents 2 0 R&gt;&gt;
endobj

4 0 obj
&lt;&lt;/Type/Pages
/Resources 11 0 R
/MediaBox[ 0 0 595 842 ]
/Kids[ 1 0 R ]
/Count 1&gt;&gt;
endobj

12 0 obj
&lt;&lt;/Type/Catalog/Pages 4 0 R
/OpenAction[1 0 R /XYZ null null 0]
/Lang(pt-BR)
&gt;&gt;
endobj

13 0 obj
&lt;&lt;/Creator&lt;FEFF005700720069007400650072&gt;
/Producer&lt;FEFF004C0069006200720065004F0066006600690063006500200035002E0033&gt;
/CreationDate(D:20191007090647-03'00')&gt;&gt;
endobj

xref
0 14
0000000000 65535 f 
0000007058 00000 n 
0000000019 00000 n 
0000000268 00000 n 
0000007201 00000 n 
0000000288 00000 n 
0000006143 00000 n 
0000006164 00000 n 
0000006364 00000 n 
0000006737 00000 n 
0000006971 00000 n 
0000007003 00000 n 
0000007300 00000 n 
0000007397 00000 n 
trailer
&lt;&lt;/Size 14/Root 12 0 R
/Info 13 0 R
/ID [ &lt;E59764C147A15057DA761D3373575E0D&gt;
&lt;E59764C147A15057DA761D3373575E0D&gt; ]
/DocChecksum /CB6DD99FDC9B45794651FA96865F0E48
&gt;&gt;
startxref
7572
%%EOF
</msg>
<arg>${MEU_ARQUIVO}</arg>
<doc>Logs the given message with the given level.</doc>
<status status="PASS" start="2025-02-15T15:54:47.692722" elapsed="0.003000"/>
</kw>
<status status="PASS" start="2025-02-15T15:54:47.679724" elapsed="0.015998"/>
</kw>
<status status="PASS" start="2025-02-15T15:54:47.669722" elapsed="0.027000"/>
</test>
<test id="s1-s4-s1-t4" name="Exemplo 04: Excluindo arquivos" line="17">
<kw name="Listando arquivos do meu diretório">
<kw name="List Directory" owner="OperatingSystem">
<msg time="2025-02-15T15:54:47.700723" level="INFO" html="true">Listing contents of directory '&lt;a href="file://C:\workspace\curso-robot-framework-avancado-may\bibliotecas_auxiliares\tests\OperatingSystem\my_files"&gt;C:\workspace\curso-robot-framework-avancado-may\bibliotecas_auxiliares\tests\OperatingSystem\my_files&lt;/a&gt;'.</msg>
<msg time="2025-02-15T15:54:47.701721" level="INFO">5 items:
arquivo_JSON.json
arquivo_JSON_COPIA.json
arquivo_PDF.pdf
arquivo_TEXTO.txt
arquivo_TEXTO_COPIA.txt</msg>
<arg>C:\\workspace\\curso-robot-framework-avancado-may\\bibliotecas_auxiliares\\tests\\OperatingSystem/my_files/</arg>
<doc>Returns and logs items in a directory, optionally filtered with ``pattern``.</doc>
<status status="PASS" start="2025-02-15T15:54:47.700723" elapsed="0.000998"/>
</kw>
<status status="PASS" start="2025-02-15T15:54:47.699720" elapsed="0.002001"/>
</kw>
<kw name="Excluir arquivo">
<kw name="Remove File" owner="OperatingSystem">
<msg time="2025-02-15T15:54:47.707733" level="INFO" html="true">Removed file '&lt;a href="file://C:\workspace\curso-robot-framework-avancado-may\bibliotecas_auxiliares\tests\OperatingSystem\my_files\arquivo_TEXTO_COPIA.txt"&gt;C:\workspace\curso-robot-framework-avancado-may\bibliotecas_auxiliares\tests\OperatingSystem\my_files\arquivo_TEXTO_COPIA.txt&lt;/a&gt;'.</msg>
<arg>C:\\workspace\\curso-robot-framework-avancado-may\\bibliotecas_auxiliares\\tests\\OperatingSystem/my_files/${ARQUIVO}</arg>
<doc>Removes a file with the given path.</doc>
<status status="PASS" start="2025-02-15T15:54:47.704720" elapsed="0.003013"/>
</kw>
<arg>arquivo_TEXTO_COPIA.txt</arg>
<status status="PASS" start="2025-02-15T15:54:47.702728" elapsed="0.005995"/>
</kw>
<kw name="Excluir arquivo">
<kw name="Remove File" owner="OperatingSystem">
<msg time="2025-02-15T15:54:47.712724" level="INFO" html="true">Removed file '&lt;a href="file://C:\workspace\curso-robot-framework-avancado-may\bibliotecas_auxiliares\tests\OperatingSystem\my_files\arquivo_JSON_COPIA.json"&gt;C:\workspace\curso-robot-framework-avancado-may\bibliotecas_auxiliares\tests\OperatingSystem\my_files\arquivo_JSON_COPIA.json&lt;/a&gt;'.</msg>
<arg>C:\\workspace\\curso-robot-framework-avancado-may\\bibliotecas_auxiliares\\tests\\OperatingSystem/my_files/${ARQUIVO}</arg>
<doc>Removes a file with the given path.</doc>
<status status="PASS" start="2025-02-15T15:54:47.710724" elapsed="0.002000"/>
</kw>
<arg>arquivo_JSON_COPIA.json</arg>
<status status="PASS" start="2025-02-15T15:54:47.709725" elapsed="0.003996"/>
</kw>
<kw name="Listando arquivos do meu diretório">
<kw name="List Directory" owner="OperatingSystem">
<msg time="2025-02-15T15:54:47.717723" level="INFO" html="true">Listing contents of directory '&lt;a href="file://C:\workspace\curso-robot-framework-avancado-may\bibliotecas_auxiliares\tests\OperatingSystem\my_files"&gt;C:\workspace\curso-robot-framework-avancado-may\bibliotecas_auxiliares\tests\OperatingSystem\my_files&lt;/a&gt;'.</msg>
<msg time="2025-02-15T15:54:47.718722" level="INFO">3 items:
arquivo_JSON.json
arquivo_PDF.pdf
arquivo_TEXTO.txt</msg>
<arg>C:\\workspace\\curso-robot-framework-avancado-may\\bibliotecas_auxiliares\\tests\\OperatingSystem/my_files/</arg>
<doc>Returns and logs items in a directory, optionally filtered with ``pattern``.</doc>
<status status="PASS" start="2025-02-15T15:54:47.716721" elapsed="0.002001"/>
</kw>
<status status="PASS" start="2025-02-15T15:54:47.714722" elapsed="0.004000"/>
</kw>
<status status="PASS" start="2025-02-15T15:54:47.698722" elapsed="0.021997"/>
</test>
<doc>http://robotframework.org/robotframework/latest/libraries/OperatingSystem.html</doc>
<status status="PASS" start="2025-02-15T15:54:47.555729" elapsed="0.167993"/>
</suite>
<status status="PASS" start="2025-02-15T15:54:47.548730" elapsed="0.179989"/>
</suite>
<suite id="s1-s5" name="Process" source="C:\workspace\curso-robot-framework-avancado-may\bibliotecas_auxiliares\tests\Process">
<suite id="s1-s5-s1" name="Process" source="C:\workspace\curso-robot-framework-avancado-may\bibliotecas_auxiliares\tests\Process\process.robot">
<test id="s1-s5-s1-t1" name="Exemplo 01: Abrindo programas" line="6">
<kw name="Abra e feche o Notepad">
<kw name="Start Process" owner="Process">
<msg time="2025-02-15T15:54:47.784720" level="INFO">Starting process:
C:\WINDOWS\system32\notepad.exe</msg>
<msg time="2025-02-15T15:54:47.794715" level="INFO">${MEU_PROCESSO} = &lt;Popen: returncode: None args: ['C:\\WINDOWS\\system32\\notepad.exe']&gt;</msg>
<var>${MEU_PROCESSO}</var>
<arg>C:\\WINDOWS\\system32\\notepad.exe</arg>
<doc>Starts a new process on background.</doc>
<status status="PASS" start="2025-02-15T15:54:47.784720" elapsed="0.009995"/>
</kw>
<kw name="Sleep" owner="BuiltIn">
<msg time="2025-02-15T15:54:50.796034" level="INFO">Slept 3 seconds.</msg>
<arg>3s</arg>
<doc>Pauses the test executed for the given time.</doc>
<status status="PASS" start="2025-02-15T15:54:47.795715" elapsed="3.001305"/>
</kw>
<kw name="Terminate Process" owner="Process">
<msg time="2025-02-15T15:54:50.801018" level="INFO">Forcefully killing process.</msg>
<msg time="2025-02-15T15:54:50.904875" level="INFO">Process completed.</msg>
<arg>${MEU_PROCESSO}</arg>
<arg>kill=True</arg>
<doc>Stops the process gracefully or forcefully.</doc>
<status status="PASS" start="2025-02-15T15:54:50.798034" elapsed="0.106841"/>
</kw>
<status status="PASS" start="2025-02-15T15:54:47.782717" elapsed="3.122158"/>
</kw>
<status status="PASS" start="2025-02-15T15:54:47.779716" elapsed="3.128157"/>
</test>
<test id="s1-s5-s1-t2" name="Exemplo 02: Executando e aguardando scripts/programas" line="9">
<kw name="Execute um script e aguarde ele finalizar com sucesso">
<kw name="Run Process" owner="Process">
<msg time="2025-02-15T15:54:50.919871" level="INFO">Starting process:
python C:\workspace\curso-robot-framework-avancado-may\bibliotecas_auxiliares\tests\Process/scripts/hello_world.py</msg>
<msg time="2025-02-15T15:54:50.966869" level="INFO">Waiting for process to complete.</msg>
<msg time="2025-02-15T15:54:56.295803" level="INFO">Process completed.</msg>
<msg time="2025-02-15T15:54:56.296804" level="INFO">${MEU_PROCESSO} = &lt;result object with rc 0&gt;</msg>
<var>${MEU_PROCESSO}</var>
<arg>python</arg>
<arg>C:\\workspace\\curso-robot-framework-avancado-may\\bibliotecas_auxiliares\\tests\\Process/scripts/hello_world.py</arg>
<doc>Runs a process and waits for it to complete.</doc>
<status status="PASS" start="2025-02-15T15:54:50.917870" elapsed="5.378934"/>
</kw>
<kw name="Log" owner="BuiltIn">
<msg time="2025-02-15T15:54:56.298805" level="INFO">Resultado da execução (sucesso/falha): 0</msg>
<arg>Resultado da execução (sucesso/falha): ${MEU_PROCESSO.rc}</arg>
<doc>Logs the given message with the given level.</doc>
<status status="PASS" start="2025-02-15T15:54:56.296804" elapsed="0.002001"/>
</kw>
<kw name="Log" owner="BuiltIn">
<msg time="2025-02-15T15:54:56.300802" level="INFO">Saída da execução: Hello Robotizador!!!
Fechando em 5 segundos...
1
2
3
4
5</msg>
<arg>Saída da execução: ${MEU_PROCESSO.stdout}</arg>
<doc>Logs the given message with the given level.</doc>
<status status="PASS" start="2025-02-15T15:54:56.299806" elapsed="0.000996"/>
</kw>
<kw name="Verifica sucesso na execução do processo">
<kw name="Run Keyword And Continue On Failure" owner="BuiltIn">
<kw name="Should Be Equal As Integers" owner="BuiltIn">
<msg time="2025-02-15T15:54:56.304800" level="INFO">Argument types are:
&lt;class 'int'&gt;
&lt;class 'str'&gt;</msg>
<arg>${PROCESSO.rc}</arg>
<arg>0</arg>
<arg>msg=ATENÇÃO! O seu processo não executou com sucesso</arg>
<doc>Fails if objects are unequal after converting them to integers.</doc>
<status status="PASS" start="2025-02-15T15:54:56.302800" elapsed="0.002000"/>
</kw>
<arg>Should Be Equal As Integers</arg>
<arg>${PROCESSO.rc}</arg>
<arg>0</arg>
<arg>msg=ATENÇÃO! O seu processo não executou com sucesso</arg>
<doc>Runs the keyword and continues execution even if a failure occurs.</doc>
<status status="PASS" start="2025-02-15T15:54:56.302800" elapsed="0.002000"/>
</kw>
<kw name="Run Keyword If" owner="BuiltIn">
<arg>${PROCESSO.rc}!=0</arg>
<arg>Log</arg>
<arg>FALHA OCORRIDA: "${PROCESSO.stderr}"</arg>
<doc>Runs the given keyword with the given arguments, if ``condition`` is true.</doc>
<status status="PASS" start="2025-02-15T15:54:56.305799" elapsed="0.003007"/>
</kw>
<arg>${MEU_PROCESSO}</arg>
<status status="PASS" start="2025-02-15T15:54:56.301800" elapsed="0.007006"/>
</kw>
<status status="PASS" start="2025-02-15T15:54:50.916871" elapsed="5.391935"/>
</kw>
<kw name="Execute um script e aguarde ele finalizar com falha">
<kw name="Run Process" owner="Process">
<msg time="2025-02-15T15:54:56.310803" level="INFO">Starting process:
python C:\workspace\curso-robot-framework-avancado-may\bibliotecas_auxiliares\tests\Process/scripts/hello_world_fail.py</msg>
<msg time="2025-02-15T15:54:56.322802" level="INFO">Waiting for process to complete.</msg>
<msg time="2025-02-15T15:54:56.439794" level="INFO">Process completed.</msg>
<msg time="2025-02-15T15:54:56.441798" level="INFO">${MEU_PROCESSO} = &lt;result object with rc 1&gt;</msg>
<var>${MEU_PROCESSO}</var>
<arg>python</arg>
<arg>C:\\workspace\\curso-robot-framework-avancado-may\\bibliotecas_auxiliares\\tests\\Process/scripts/hello_world_fail.py</arg>
<doc>Runs a process and waits for it to complete.</doc>
<status status="PASS" start="2025-02-15T15:54:56.310803" elapsed="0.130995"/>
</kw>
<kw name="Log" owner="BuiltIn">
<msg time="2025-02-15T15:54:56.443796" level="INFO">Resultado da execução (sucesso/falha): 1</msg>
<arg>Resultado da execução (sucesso/falha): ${MEU_PROCESSO.rc}</arg>
<doc>Logs the given message with the given level.</doc>
<status status="PASS" start="2025-02-15T15:54:56.442792" elapsed="0.001004"/>
</kw>
<kw name="Log" owner="BuiltIn">
<msg time="2025-02-15T15:54:56.445794" level="INFO">Saída da execução: Hello Robotizador!!!
Teste de execução de processo com erro!!!!</msg>
<arg>Saída da execução: ${MEU_PROCESSO.stdout}</arg>
<doc>Logs the given message with the given level.</doc>
<status status="PASS" start="2025-02-15T15:54:56.444793" elapsed="0.001001"/>
</kw>
<kw name="Log" owner="BuiltIn">
<msg time="2025-02-15T15:54:56.448793" level="INFO">Falha da execução: FAIL: Erro proposital!!!</msg>
<arg>Falha da execução: ${MEU_PROCESSO.stderr}</arg>
<doc>Logs the given message with the given level.</doc>
<status status="PASS" start="2025-02-15T15:54:56.446794" elapsed="0.001999"/>
</kw>
<kw name="Verifica sucesso na execução do processo">
<kw name="Run Keyword And Continue On Failure" owner="BuiltIn">
<kw name="Should Be Equal As Integers" owner="BuiltIn">
<msg time="2025-02-15T15:54:56.453790" level="INFO">Argument types are:
&lt;class 'int'&gt;
&lt;class 'str'&gt;</msg>
<msg time="2025-02-15T15:54:56.453790" level="FAIL">ATENÇÃO! O seu processo não executou com sucesso: 1 != 0</msg>
<arg>${PROCESSO.rc}</arg>
<arg>0</arg>
<arg>msg=ATENÇÃO! O seu processo não executou com sucesso</arg>
<doc>Fails if objects are unequal after converting them to integers.</doc>
<status status="FAIL" start="2025-02-15T15:54:56.451795" elapsed="0.001995">ATENÇÃO! O seu processo não executou com sucesso: 1 != 0</status>
</kw>
<arg>Should Be Equal As Integers</arg>
<arg>${PROCESSO.rc}</arg>
<arg>0</arg>
<arg>msg=ATENÇÃO! O seu processo não executou com sucesso</arg>
<doc>Runs the keyword and continues execution even if a failure occurs.</doc>
<status status="FAIL" start="2025-02-15T15:54:56.450796" elapsed="0.003994">ATENÇÃO! O seu processo não executou com sucesso: 1 != 0</status>
</kw>
<kw name="Run Keyword If" owner="BuiltIn">
<kw name="Log" owner="BuiltIn">
<msg time="2025-02-15T15:54:56.460797" level="INFO">FALHA OCORRIDA: "FAIL: Erro proposital!!!"</msg>
<arg>FALHA OCORRIDA: "${PROCESSO.stderr}"</arg>
<doc>Logs the given message with the given level.</doc>
<status status="PASS" start="2025-02-15T15:54:56.458798" elapsed="0.001999"/>
</kw>
<arg>${PROCESSO.rc}!=0</arg>
<arg>Log</arg>
<arg>FALHA OCORRIDA: "${PROCESSO.stderr}"</arg>
<doc>Runs the given keyword with the given arguments, if ``condition`` is true.</doc>
<status status="PASS" start="2025-02-15T15:54:56.454790" elapsed="0.006007"/>
</kw>
<arg>${MEU_PROCESSO}</arg>
<status status="FAIL" start="2025-02-15T15:54:56.449797" elapsed="0.011996">ATENÇÃO! O seu processo não executou com sucesso: 1 != 0</status>
</kw>
<status status="FAIL" start="2025-02-15T15:54:56.309803" elapsed="0.151990">ATENÇÃO! O seu processo não executou com sucesso: 1 != 0</status>
</kw>
<status status="FAIL" start="2025-02-15T15:54:50.914879" elapsed="5.547913">ATENÇÃO! O seu processo não executou com sucesso: 1 != 0</status>
</test>
<test id="s1-s5-s1-t3" name="Exemplo 03: Execute comandos de prompt" line="13">
<kw name="Executando comandos diversos de prompt">
<kw name="Run Process" owner="Process">
<msg time="2025-02-15T15:54:56.469791" level="INFO">Starting process:
mkdir robot_teste</msg>
<msg time="2025-02-15T15:54:56.496790" level="INFO">Waiting for process to complete.</msg>
<msg time="2025-02-15T15:54:56.612464" level="INFO">Process completed.</msg>
<arg>mkdir robot_teste</arg>
<arg>cwd=C:\\workspace\\curso-robot-framework-avancado-may\\bibliotecas_auxiliares\\tests\\Process</arg>
<arg>shell=True</arg>
<doc>Runs a process and waits for it to complete.</doc>
<status status="PASS" start="2025-02-15T15:54:56.469791" elapsed="0.142673"/>
</kw>
<status status="PASS" start="2025-02-15T15:54:56.468793" elapsed="0.144671"/>
</kw>
<status status="PASS" start="2025-02-15T15:54:56.467793" elapsed="0.145671"/>
</test>
<doc>http://robotframework.org/robotframework/latest/libraries/Process.html</doc>
<status status="FAIL" start="2025-02-15T15:54:47.747719" elapsed="8.868746"/>
</suite>
<status status="FAIL" start="2025-02-15T15:54:47.738724" elapsed="8.881742"/>
</suite>
<suite id="s1-s6" name="String" source="C:\workspace\curso-robot-framework-avancado-may\bibliotecas_auxiliares\tests\String">
<suite id="s1-s6-s1" name="String" source="C:\workspace\curso-robot-framework-avancado-may\bibliotecas_auxiliares\tests\String\string.robot">
<test id="s1-s6-s1-t1" name="Exemplo 01: Lidando com linhas de um texto String" line="7">
<kw name="Contando as linhas">
<kw name="Pega arquivo">
<kw name="Get File" owner="OperatingSystem">
<msg time="2025-02-15T15:54:56.686461" level="INFO" html="true">Getting file '&lt;a href="file://C:\workspace\curso-robot-framework-avancado-may\bibliotecas_auxiliares\tests\String\my_files\arquivo_texto_linhas.txt"&gt;C:\workspace\curso-robot-framework-avancado-may\bibliotecas_auxiliares\tests\String\my_files\arquivo_texto_linhas.txt&lt;/a&gt;'.</msg>
<msg time="2025-02-15T15:54:56.687457" level="INFO">${CONTEUDO_ARQUIVO} = Minha linha 00!
Minha linha 01!
Minha linha 02!
Minha linha 03!
Minha linha 04!
Minha linha 05!
</msg>
<var>${CONTEUDO_ARQUIVO}</var>
<arg>C:\\workspace\\curso-robot-framework-avancado-may\\bibliotecas_auxiliares\\tests\\String/my_files/arquivo_texto_linhas.txt</arg>
<doc>Returns the contents of a specified file.</doc>
<status status="PASS" start="2025-02-15T15:54:56.685461" elapsed="0.001996"/>
</kw>
<return>
<value>${CONTEUDO_ARQUIVO}</value>
<status status="PASS" start="2025-02-15T15:54:56.687457" elapsed="0.000000"/>
</return>
<msg time="2025-02-15T15:54:56.688458" level="INFO">${STRING} = Minha linha 00!
Minha linha 01!
Minha linha 02!
Minha linha 03!
Minha linha 04!
Minha linha 05!
</msg>
<var>${STRING}</var>
<status status="PASS" start="2025-02-15T15:54:56.684462" elapsed="0.003996"/>
</kw>
<kw name="Get Line Count" owner="String">
<msg time="2025-02-15T15:54:56.690461" level="INFO">6 lines.</msg>
<msg time="2025-02-15T15:54:56.690461" level="INFO">${LINHAS} = 6</msg>
<var>${LINHAS}</var>
<arg>${STRING}</arg>
<doc>Returns and logs the number of lines in the given string.</doc>
<status status="PASS" start="2025-02-15T15:54:56.689458" elapsed="0.001003"/>
</kw>
<kw name="Log" owner="BuiltIn">
<msg time="2025-02-15T15:54:56.691459" level="INFO">Meu arquivo tem: 6 linhas!!</msg>
<arg>Meu arquivo tem: ${LINHAS} linhas!!</arg>
<doc>Logs the given message with the given level.</doc>
<status status="PASS" start="2025-02-15T15:54:56.691459" elapsed="0.000000"/>
</kw>
<status status="PASS" start="2025-02-15T15:54:56.683459" elapsed="0.009003"/>
</kw>
<kw name="Pegando uma linha específica">
<kw name="Pega arquivo">
<kw name="Get File" owner="OperatingSystem">
<msg time="2025-02-15T15:54:56.696462" level="INFO" html="true">Getting file '&lt;a href="file://C:\workspace\curso-robot-framework-avancado-may\bibliotecas_auxiliares\tests\String\my_files\arquivo_texto_linhas.txt"&gt;C:\workspace\curso-robot-framework-avancado-may\bibliotecas_auxiliares\tests\String\my_files\arquivo_texto_linhas.txt&lt;/a&gt;'.</msg>
<msg time="2025-02-15T15:54:56.697459" level="INFO">${CONTEUDO_ARQUIVO} = Minha linha 00!
Minha linha 01!
Minha linha 02!
Minha linha 03!
Minha linha 04!
Minha linha 05!
</msg>
<var>${CONTEUDO_ARQUIVO}</var>
<arg>C:\\workspace\\curso-robot-framework-avancado-may\\bibliotecas_auxiliares\\tests\\String/my_files/arquivo_texto_linhas.txt</arg>
<doc>Returns the contents of a specified file.</doc>
<status status="PASS" start="2025-02-15T15:54:56.695461" elapsed="0.001998"/>
</kw>
<return>
<value>${CONTEUDO_ARQUIVO}</value>
<status status="PASS" start="2025-02-15T15:54:56.698461" elapsed="0.000000"/>
</return>
<msg time="2025-02-15T15:54:56.698461" level="INFO">${STRING} = Minha linha 00!
Minha linha 01!
Minha linha 02!
Minha linha 03!
Minha linha 04!
Minha linha 05!
</msg>
<var>${STRING}</var>
<status status="PASS" start="2025-02-15T15:54:56.695461" elapsed="0.003000"/>
</kw>
<kw name="Get Line" owner="String">
<msg time="2025-02-15T15:54:56.700463" level="INFO">${LINHA_3} = Minha linha 03!</msg>
<var>${LINHA_3}</var>
<arg>${STRING}</arg>
<arg>3</arg>
<doc>Returns the specified line from the given ``string``.</doc>
<status status="PASS" start="2025-02-15T15:54:56.699463" elapsed="0.001000"/>
</kw>
<kw name="Log" owner="BuiltIn">
<msg time="2025-02-15T15:54:56.702460" level="INFO">Conteúdo da linha 03 do arquivo:
"Minha linha 03!"</msg>
<arg>Conteúdo da linha 03 do arquivo:\n"${LINHA_3}"</arg>
<doc>Logs the given message with the given level.</doc>
<status status="PASS" start="2025-02-15T15:54:56.700463" elapsed="0.003000"/>
</kw>
<for flavor="IN RANGE">
<iter>
<kw name="Get Line" owner="String">
<msg time="2025-02-15T15:54:56.704461" level="INFO">${CONTEUDO_LINHA} = Minha linha 00!</msg>
<var>${CONTEUDO_LINHA}</var>
<arg>${STRING}</arg>
<arg>${NUMERO_LINHA}</arg>
<doc>Returns the specified line from the given ``string``.</doc>
<status status="PASS" start="2025-02-15T15:54:56.704461" elapsed="0.001000"/>
</kw>
<kw name="Log" owner="BuiltIn">
<msg time="2025-02-15T15:54:56.706461" level="INFO">Conteúdo da linha 0 do arquivo:
"Minha linha 00!"</msg>
<arg>Conteúdo da linha ${NUMERO_LINHA} do arquivo:\n"${CONTEUDO_LINHA}"</arg>
<doc>Logs the given message with the given level.</doc>
<status status="PASS" start="2025-02-15T15:54:56.705461" elapsed="0.001000"/>
</kw>
<var name="${NUMERO_LINHA}">0</var>
<status status="PASS" start="2025-02-15T15:54:56.703463" elapsed="0.004000"/>
</iter>
<iter>
<kw name="Get Line" owner="String">
<msg time="2025-02-15T15:54:56.709460" level="INFO">${CONTEUDO_LINHA} = Minha linha 01!</msg>
<var>${CONTEUDO_LINHA}</var>
<arg>${STRING}</arg>
<arg>${NUMERO_LINHA}</arg>
<doc>Returns the specified line from the given ``string``.</doc>
<status status="PASS" start="2025-02-15T15:54:56.708461" elapsed="0.000999"/>
</kw>
<kw name="Log" owner="BuiltIn">
<msg time="2025-02-15T15:54:56.712459" level="INFO">Conteúdo da linha 1 do arquivo:
"Minha linha 01!"</msg>
<arg>Conteúdo da linha ${NUMERO_LINHA} do arquivo:\n"${CONTEUDO_LINHA}"</arg>
<doc>Logs the given message with the given level.</doc>
<status status="PASS" start="2025-02-15T15:54:56.710460" elapsed="0.001999"/>
</kw>
<var name="${NUMERO_LINHA}">1</var>
<status status="PASS" start="2025-02-15T15:54:56.707463" elapsed="0.004996"/>
</iter>
<iter>
<kw name="Get Line" owner="String">
<msg time="2025-02-15T15:54:56.714464" level="INFO">${CONTEUDO_LINHA} = Minha linha 02!</msg>
<var>${CONTEUDO_LINHA}</var>
<arg>${STRING}</arg>
<arg>${NUMERO_LINHA}</arg>
<doc>Returns the specified line from the given ``string``.</doc>
<status status="PASS" start="2025-02-15T15:54:56.713457" elapsed="0.001007"/>
</kw>
<kw name="Log" owner="BuiltIn">
<msg time="2025-02-15T15:54:56.715459" level="INFO">Conteúdo da linha 2 do arquivo:
"Minha linha 02!"</msg>
<arg>Conteúdo da linha ${NUMERO_LINHA} do arquivo:\n"${CONTEUDO_LINHA}"</arg>
<doc>Logs the given message with the given level.</doc>
<status status="PASS" start="2025-02-15T15:54:56.714464" elapsed="0.000995"/>
</kw>
<var name="${NUMERO_LINHA}">2</var>
<status status="PASS" start="2025-02-15T15:54:56.712459" elapsed="0.003000"/>
</iter>
<iter>
<kw name="Get Line" owner="String">
<msg time="2025-02-15T15:54:56.717458" level="INFO">${CONTEUDO_LINHA} = Minha linha 03!</msg>
<var>${CONTEUDO_LINHA}</var>
<arg>${STRING}</arg>
<arg>${NUMERO_LINHA}</arg>
<doc>Returns the specified line from the given ``string``.</doc>
<status status="PASS" start="2025-02-15T15:54:56.716460" elapsed="0.000998"/>
</kw>
<kw name="Log" owner="BuiltIn">
<msg time="2025-02-15T15:54:56.719460" level="INFO">Conteúdo da linha 3 do arquivo:
"Minha linha 03!"</msg>
<arg>Conteúdo da linha ${NUMERO_LINHA} do arquivo:\n"${CONTEUDO_LINHA}"</arg>
<doc>Logs the given message with the given level.</doc>
<status status="PASS" start="2025-02-15T15:54:56.718458" elapsed="0.001002"/>
</kw>
<var name="${NUMERO_LINHA}">3</var>
<status status="PASS" start="2025-02-15T15:54:56.716460" elapsed="0.003000"/>
</iter>
<iter>
<kw name="Get Line" owner="String">
<msg time="2025-02-15T15:54:56.720460" level="INFO">${CONTEUDO_LINHA} = Minha linha 04!</msg>
<var>${CONTEUDO_LINHA}</var>
<arg>${STRING}</arg>
<arg>${NUMERO_LINHA}</arg>
<doc>Returns the specified line from the given ``string``.</doc>
<status status="PASS" start="2025-02-15T15:54:56.720460" elapsed="0.000000"/>
</kw>
<kw name="Log" owner="BuiltIn">
<msg time="2025-02-15T15:54:56.721458" level="INFO">Conteúdo da linha 4 do arquivo:
"Minha linha 04!"</msg>
<arg>Conteúdo da linha ${NUMERO_LINHA} do arquivo:\n"${CONTEUDO_LINHA}"</arg>
<doc>Logs the given message with the given level.</doc>
<status status="PASS" start="2025-02-15T15:54:56.721458" elapsed="0.000000"/>
</kw>
<var name="${NUMERO_LINHA}">4</var>
<status status="PASS" start="2025-02-15T15:54:56.719460" elapsed="0.002996"/>
</iter>
<iter>
<kw name="Get Line" owner="String">
<msg time="2025-02-15T15:54:56.724457" level="INFO">${CONTEUDO_LINHA} = Minha linha 05!</msg>
<var>${CONTEUDO_LINHA}</var>
<arg>${STRING}</arg>
<arg>${NUMERO_LINHA}</arg>
<doc>Returns the specified line from the given ``string``.</doc>
<status status="PASS" start="2025-02-15T15:54:56.723463" elapsed="0.000994"/>
</kw>
<kw name="Log" owner="BuiltIn">
<msg time="2025-02-15T15:54:56.726458" level="INFO">Conteúdo da linha 5 do arquivo:
"Minha linha 05!"</msg>
<arg>Conteúdo da linha ${NUMERO_LINHA} do arquivo:\n"${CONTEUDO_LINHA}"</arg>
<doc>Logs the given message with the given level.</doc>
<status status="PASS" start="2025-02-15T15:54:56.725459" elapsed="0.000999"/>
</kw>
<var name="${NUMERO_LINHA}">5</var>
<status status="PASS" start="2025-02-15T15:54:56.722456" elapsed="0.005001"/>
</iter>
<var>${NUMERO_LINHA}</var>
<value>0</value>
<value>6</value>
<status status="PASS" start="2025-02-15T15:54:56.703463" elapsed="0.023994"/>
</for>
<status status="PASS" start="2025-02-15T15:54:56.693461" elapsed="0.033996"/>
</kw>
<kw name="Pegando uma linha específica com a palavra &quot;linha 01&quot;" source_name="Pegando uma linha específica com a palavra &quot;${PALAVRA}&quot;">
<kw name="Pega arquivo">
<kw name="Get File" owner="OperatingSystem">
<msg time="2025-02-15T15:54:56.731458" level="INFO" html="true">Getting file '&lt;a href="file://C:\workspace\curso-robot-framework-avancado-may\bibliotecas_auxiliares\tests\String\my_files\arquivo_texto_linhas.txt"&gt;C:\workspace\curso-robot-framework-avancado-may\bibliotecas_auxiliares\tests\String\my_files\arquivo_texto_linhas.txt&lt;/a&gt;'.</msg>
<msg time="2025-02-15T15:54:56.738461" level="INFO">${CONTEUDO_ARQUIVO} = Minha linha 00!
Minha linha 01!
Minha linha 02!
Minha linha 03!
Minha linha 04!
Minha linha 05!
</msg>
<var>${CONTEUDO_ARQUIVO}</var>
<arg>C:\\workspace\\curso-robot-framework-avancado-may\\bibliotecas_auxiliares\\tests\\String/my_files/arquivo_texto_linhas.txt</arg>
<doc>Returns the contents of a specified file.</doc>
<status status="PASS" start="2025-02-15T15:54:56.730455" elapsed="0.008006"/>
</kw>
<return>
<value>${CONTEUDO_ARQUIVO}</value>
<status status="PASS" start="2025-02-15T15:54:56.740460" elapsed="0.000996"/>
</return>
<msg time="2025-02-15T15:54:56.741456" level="INFO">${STRING} = Minha linha 00!
Minha linha 01!
Minha linha 02!
Minha linha 03!
Minha linha 04!
Minha linha 05!
</msg>
<var>${STRING}</var>
<status status="PASS" start="2025-02-15T15:54:56.729459" elapsed="0.011997"/>
</kw>
<kw name="Get Lines Containing String" owner="String">
<msg time="2025-02-15T15:54:56.743457" level="INFO">1 out of 6 lines matched.</msg>
<msg time="2025-02-15T15:54:56.743457" level="INFO">${LINHA} = Minha linha 01!</msg>
<var>${LINHA}</var>
<arg>${STRING}</arg>
<arg>${PALAVRA}</arg>
<doc>Returns lines of the given ``string`` that contain the ``pattern``.</doc>
<status status="PASS" start="2025-02-15T15:54:56.742460" elapsed="0.001998"/>
</kw>
<kw name="Log" owner="BuiltIn">
<msg time="2025-02-15T15:54:56.745458" level="INFO">Linha com linha 01:
"Minha linha 01!"</msg>
<arg>Linha com ${PALAVRA}:\n"${LINHA}"</arg>
<doc>Logs the given message with the given level.</doc>
<status status="PASS" start="2025-02-15T15:54:56.744458" elapsed="0.001000"/>
</kw>
<status status="PASS" start="2025-02-15T15:54:56.728458" elapsed="0.017000"/>
</kw>
<kw name="Pegando até um marcador">
<kw name="Pega arquivo">
<kw name="Get File" owner="OperatingSystem">
<msg time="2025-02-15T15:54:56.758457" level="INFO" html="true">Getting file '&lt;a href="file://C:\workspace\curso-robot-framework-avancado-may\bibliotecas_auxiliares\tests\String\my_files\arquivo_texto_linhas.txt"&gt;C:\workspace\curso-robot-framework-avancado-may\bibliotecas_auxiliares\tests\String\my_files\arquivo_texto_linhas.txt&lt;/a&gt;'.</msg>
<msg time="2025-02-15T15:54:56.760456" level="INFO">${CONTEUDO_ARQUIVO} = Minha linha 00!
Minha linha 01!
Minha linha 02!
Minha linha 03!
Minha linha 04!
Minha linha 05!
</msg>
<var>${CONTEUDO_ARQUIVO}</var>
<arg>C:\\workspace\\curso-robot-framework-avancado-may\\bibliotecas_auxiliares\\tests\\String/my_files/arquivo_texto_linhas.txt</arg>
<doc>Returns the contents of a specified file.</doc>
<status status="PASS" start="2025-02-15T15:54:56.757460" elapsed="0.002996"/>
</kw>
<return>
<value>${CONTEUDO_ARQUIVO}</value>
<status status="PASS" start="2025-02-15T15:54:56.760456" elapsed="0.000000"/>
</return>
<msg time="2025-02-15T15:54:56.761458" level="INFO">${STRING} = Minha linha 00!
Minha linha 01!
Minha linha 02!
Minha linha 03!
Minha linha 04!
Minha linha 05!
</msg>
<var>${STRING}</var>
<status status="PASS" start="2025-02-15T15:54:56.754462" elapsed="0.006996"/>
</kw>
<kw name="Get Line" owner="String">
<msg time="2025-02-15T15:54:56.762455" level="INFO">${LINHA} = Minha linha 00!</msg>
<var>${LINHA}</var>
<arg>${STRING}</arg>
<arg>0</arg>
<doc>Returns the specified line from the given ``string``.</doc>
<status status="PASS" start="2025-02-15T15:54:56.761458" elapsed="0.000997"/>
</kw>
<kw name="Fetch From Left" owner="String">
<msg time="2025-02-15T15:54:56.763456" level="INFO">${COMECO} = Minha linha </msg>
<var>${COMECO}</var>
<arg>${LINHA}</arg>
<arg>0</arg>
<doc>Returns contents of the ``string`` before the first occurrence of ``marker``.</doc>
<status status="PASS" start="2025-02-15T15:54:56.762455" elapsed="0.001001"/>
</kw>
<kw name="Fetch From Right" owner="String">
<msg time="2025-02-15T15:54:56.764453" level="INFO">${FIM} = 00!</msg>
<var>${FIM}</var>
<arg>${LINHA}</arg>
<arg>linha${SPACE}</arg>
<doc>Returns contents of the ``string`` after the last occurrence of ``marker``.</doc>
<status status="PASS" start="2025-02-15T15:54:56.763456" elapsed="0.000997"/>
</kw>
<kw name="Log" owner="BuiltIn">
<msg time="2025-02-15T15:54:56.766456" level="INFO">Começo: "Minha linha "
Fim:"00!"

Tudo junto: "Minha linha 00!"</msg>
<arg>Começo: "${COMECO}"\nFim:"${FIM}"\n\nTudo junto: "${COMECO}${FIM}"</arg>
<doc>Logs the given message with the given level.</doc>
<status status="PASS" start="2025-02-15T15:54:56.764453" elapsed="0.002003"/>
</kw>
<status status="PASS" start="2025-02-15T15:54:56.753457" elapsed="0.012999"/>
</kw>
<status status="PASS" start="2025-02-15T15:54:56.681460" elapsed="0.085995"/>
</test>
<test id="s1-s6-s1-t2" name="Exemplo 02: Manipulando a String" line="13">
<kw name="Substituindo valores no texto">
<kw name="Pega arquivo">
<kw name="Get File" owner="OperatingSystem">
<msg time="2025-02-15T15:54:56.777457" level="INFO" html="true">Getting file '&lt;a href="file://C:\workspace\curso-robot-framework-avancado-may\bibliotecas_auxiliares\tests\String\my_files\arquivo_texto_linhas.txt"&gt;C:\workspace\curso-robot-framework-avancado-may\bibliotecas_auxiliares\tests\String\my_files\arquivo_texto_linhas.txt&lt;/a&gt;'.</msg>
<msg time="2025-02-15T15:54:56.778454" level="INFO">${CONTEUDO_ARQUIVO} = Minha linha 00!
Minha linha 01!
Minha linha 02!
Minha linha 03!
Minha linha 04!
Minha linha 05!
</msg>
<var>${CONTEUDO_ARQUIVO}</var>
<arg>C:\\workspace\\curso-robot-framework-avancado-may\\bibliotecas_auxiliares\\tests\\String/my_files/arquivo_texto_linhas.txt</arg>
<doc>Returns the contents of a specified file.</doc>
<status status="PASS" start="2025-02-15T15:54:56.776454" elapsed="0.002000"/>
</kw>
<return>
<value>${CONTEUDO_ARQUIVO}</value>
<status status="PASS" start="2025-02-15T15:54:56.778454" elapsed="0.000000"/>
</return>
<msg time="2025-02-15T15:54:56.779458" level="INFO">${TEXTO} = Minha linha 00!
Minha linha 01!
Minha linha 02!
Minha linha 03!
Minha linha 04!
Minha linha 05!
</msg>
<var>${TEXTO}</var>
<status status="PASS" start="2025-02-15T15:54:56.774459" elapsed="0.004999"/>
</kw>
<kw name="Replace String" owner="String">
<msg time="2025-02-15T15:54:56.786458" level="INFO">${NOVO_TEXTO} = Conteúdo da minha linha 00!
Conteúdo da minha linha 01!
Conteúdo da minha linha 02!
Conteúdo da minha linha 03!
Conteúdo da minha linha 04!
Conteúdo da minha linha 05!
</msg>
<var>${NOVO_TEXTO}</var>
<arg>string=${TEXTO}</arg>
<arg>search_for=Minha linha</arg>
<arg>replace_with=Conteúdo da minha linha</arg>
<doc>Replaces ``search_for`` in the given ``string`` with ``replace_with``.</doc>
<status status="PASS" start="2025-02-15T15:54:56.779458" elapsed="0.007000"/>
</kw>
<kw name="Log" owner="BuiltIn">
<msg time="2025-02-15T15:54:56.788453" level="INFO">O velho texto era assim:
Minha linha 00!
Minha linha 01!
Minha linha 02!
Minha linha 03!
Minha linha 04!
Minha linha 05!

O novo texto ficou assim:
Conteúdo da minha linha 00!
Conteúdo da minha linha 01!
Conteúdo da minha linha 02!
Conteúdo da minha linha 03!
Conteúdo da minha linha 04!
Conteúdo da minha linha 05!
</msg>
<arg>O velho texto era assim:\n${TEXTO}\nO novo texto ficou assim:\n${NOVO_TEXTO}</arg>
<doc>Logs the given message with the given level.</doc>
<status status="PASS" start="2025-02-15T15:54:56.787454" elapsed="0.000999"/>
</kw>
<kw name="Create File" owner="OperatingSystem">
<msg time="2025-02-15T15:54:56.793454" level="INFO" html="true">Created file '&lt;a href="file://C:\workspace\curso-robot-framework-avancado-may\bibliotecas_auxiliares\tests\String\my_files\meu_novo_arquivo.txt"&gt;C:\workspace\curso-robot-framework-avancado-may\bibliotecas_auxiliares\tests\String\my_files\meu_novo_arquivo.txt&lt;/a&gt;'.</msg>
<arg>C:\\workspace\\curso-robot-framework-avancado-may\\bibliotecas_auxiliares\\tests\\String/my_files/meu_novo_arquivo.txt</arg>
<arg>${NOVO_TEXTO}</arg>
<doc>Creates a file with the given content and encoding.</doc>
<status status="PASS" start="2025-02-15T15:54:56.789453" elapsed="0.004001"/>
</kw>
<status status="PASS" start="2025-02-15T15:54:56.771454" elapsed="0.023001"/>
</kw>
<kw name="Quero tudo minúsculo!">
<kw name="Pega arquivo">
<kw name="Get File" owner="OperatingSystem">
<msg time="2025-02-15T15:54:56.804455" level="INFO" html="true">Getting file '&lt;a href="file://C:\workspace\curso-robot-framework-avancado-may\bibliotecas_auxiliares\tests\String\my_files\arquivo_texto_linhas.txt"&gt;C:\workspace\curso-robot-framework-avancado-may\bibliotecas_auxiliares\tests\String\my_files\arquivo_texto_linhas.txt&lt;/a&gt;'.</msg>
<msg time="2025-02-15T15:54:56.805451" level="INFO">${CONTEUDO_ARQUIVO} = Minha linha 00!
Minha linha 01!
Minha linha 02!
Minha linha 03!
Minha linha 04!
Minha linha 05!
</msg>
<var>${CONTEUDO_ARQUIVO}</var>
<arg>C:\\workspace\\curso-robot-framework-avancado-may\\bibliotecas_auxiliares\\tests\\String/my_files/arquivo_texto_linhas.txt</arg>
<doc>Returns the contents of a specified file.</doc>
<status status="PASS" start="2025-02-15T15:54:56.802457" elapsed="0.002994"/>
</kw>
<return>
<value>${CONTEUDO_ARQUIVO}</value>
<status status="PASS" start="2025-02-15T15:54:56.805451" elapsed="0.000000"/>
</return>
<msg time="2025-02-15T15:54:56.806455" level="INFO">${TEXTO} = Minha linha 00!
Minha linha 01!
Minha linha 02!
Minha linha 03!
Minha linha 04!
Minha linha 05!
</msg>
<var>${TEXTO}</var>
<status status="PASS" start="2025-02-15T15:54:56.796454" elapsed="0.011003"/>
</kw>
<kw name="Convert To Lower Case" owner="String">
<msg time="2025-02-15T15:54:56.808453" level="INFO">${TEXTO} = minha linha 00!
minha linha 01!
minha linha 02!
minha linha 03!
minha linha 04!
minha linha 05!
</msg>
<var>${TEXTO}</var>
<arg>${TEXTO}</arg>
<doc>Converts string to lower case.</doc>
<status status="PASS" start="2025-02-15T15:54:56.807457" elapsed="0.000996"/>
</kw>
<kw name="Log" owner="BuiltIn">
<msg time="2025-02-15T15:54:56.809452" level="INFO">Meu texto todo minúsculo:
minha linha 00!
minha linha 01!
minha linha 02!
minha linha 03!
minha linha 04!
minha linha 05!
</msg>
<arg>Meu texto todo minúsculo:\n${TEXTO}</arg>
<doc>Logs the given message with the given level.</doc>
<status status="PASS" start="2025-02-15T15:54:56.809452" elapsed="0.001001"/>
</kw>
<status status="PASS" start="2025-02-15T15:54:56.795455" elapsed="0.014998"/>
</kw>
<kw name="Quero tudo maiúsculo!">
<kw name="Pega arquivo">
<kw name="Get File" owner="OperatingSystem">
<msg time="2025-02-15T15:54:56.814453" level="INFO" html="true">Getting file '&lt;a href="file://C:\workspace\curso-robot-framework-avancado-may\bibliotecas_auxiliares\tests\String\my_files\arquivo_texto_linhas.txt"&gt;C:\workspace\curso-robot-framework-avancado-may\bibliotecas_auxiliares\tests\String\my_files\arquivo_texto_linhas.txt&lt;/a&gt;'.</msg>
<msg time="2025-02-15T15:54:56.815453" level="INFO">${CONTEUDO_ARQUIVO} = Minha linha 00!
Minha linha 01!
Minha linha 02!
Minha linha 03!
Minha linha 04!
Minha linha 05!
</msg>
<var>${CONTEUDO_ARQUIVO}</var>
<arg>C:\\workspace\\curso-robot-framework-avancado-may\\bibliotecas_auxiliares\\tests\\String/my_files/arquivo_texto_linhas.txt</arg>
<doc>Returns the contents of a specified file.</doc>
<status status="PASS" start="2025-02-15T15:54:56.812454" elapsed="0.002999"/>
</kw>
<return>
<value>${CONTEUDO_ARQUIVO}</value>
<status status="PASS" start="2025-02-15T15:54:56.815453" elapsed="0.000000"/>
</return>
<msg time="2025-02-15T15:54:56.815453" level="INFO">${TEXTO} = Minha linha 00!
Minha linha 01!
Minha linha 02!
Minha linha 03!
Minha linha 04!
Minha linha 05!
</msg>
<var>${TEXTO}</var>
<status status="PASS" start="2025-02-15T15:54:56.812454" elapsed="0.003996"/>
</kw>
<kw name="Convert To Upper Case" owner="String">
<msg time="2025-02-15T15:54:56.816450" level="INFO">${TEXTO} = MINHA LINHA 00!
MINHA LINHA 01!
MINHA LINHA 02!
MINHA LINHA 03!
MINHA LINHA 04!
MINHA LINHA 05!
</msg>
<var>${TEXTO}</var>
<arg>${TEXTO}</arg>
<doc>Converts string to upper case.</doc>
<status status="PASS" start="2025-02-15T15:54:56.816450" elapsed="0.000999"/>
</kw>
<kw name="Log" owner="BuiltIn">
<msg time="2025-02-15T15:54:56.817449" level="INFO">Meu texto todo maiúsculo:
MINHA LINHA 00!
MINHA LINHA 01!
MINHA LINHA 02!
MINHA LINHA 03!
MINHA LINHA 04!
MINHA LINHA 05!
</msg>
<arg>Meu texto todo maiúsculo:\n${TEXTO}</arg>
<doc>Logs the given message with the given level.</doc>
<status status="PASS" start="2025-02-15T15:54:56.817449" elapsed="0.001001"/>
</kw>
<status status="PASS" start="2025-02-15T15:54:56.811452" elapsed="0.006998"/>
</kw>
<status status="PASS" start="2025-02-15T15:54:56.769454" elapsed="0.048996"/>
</test>
<doc>http://robotframework.org/robotframework/latest/libraries/String.html</doc>
<status status="PASS" start="2025-02-15T15:54:56.640466" elapsed="0.181984"/>
</suite>
<status status="PASS" start="2025-02-15T15:54:56.624463" elapsed="0.202989"/>
</suite>
<status status="FAIL" start="2025-02-15T15:54:45.404290" elapsed="11.434164"/>
</suite>
<statistics>
<total>
<stat pass="16" fail="1" skip="0">All Tests</stat>
</total>
<tag>
</tag>
<suite>
<stat name="Tests" id="s1" pass="16" fail="1" skip="0">Tests</stat>
<stat name="DatabaseLibrary" id="s1-s1" pass="4" fail="0" skip="0">Tests.DatabaseLibrary</stat>
<stat name="Database" id="s1-s1-s1" pass="4" fail="0" skip="0">Tests.DatabaseLibrary.Database</stat>
<stat name="DateTime" id="s1-s2" pass="3" fail="0" skip="0">Tests.DateTime</stat>
<stat name="Date Time" id="s1-s2-s1" pass="3" fail="0" skip="0">Tests.DateTime.Date Time</stat>
<stat name="DiffLibrary" id="s1-s3" pass="1" fail="0" skip="0">Tests.DiffLibrary</stat>
<stat name="Diff Library" id="s1-s3-s1" pass="1" fail="0" skip="0">Tests.DiffLibrary.Diff Library</stat>
<stat name="OperatingSystem" id="s1-s4" pass="4" fail="0" skip="0">Tests.OperatingSystem</stat>
<stat name="Operating System" id="s1-s4-s1" pass="4" fail="0" skip="0">Tests.OperatingSystem.Operating System</stat>
<stat name="Process" id="s1-s5" pass="2" fail="1" skip="0">Tests.Process</stat>
<stat name="Process" id="s1-s5-s1" pass="2" fail="1" skip="0">Tests.Process.Process</stat>
<stat name="String" id="s1-s6" pass="2" fail="0" skip="0">Tests.String</stat>
<stat name="String" id="s1-s6-s1" pass="2" fail="0" skip="0">Tests.String.String</stat>
</suite>
</statistics>
<errors>
</errors>
</robot>
