<?xml version="1.0" encoding="UTF-8"?>
<robot generator="Robot 7.2 (Python 3.12.0 on win32)" generated="2025-02-18T23:50:25.104275" rpa="false" schemaversion="5">
<suite id="s1" name="Tests" source="C:\workspace\curso-robot-framework-avancado-may\bibliotecas_customizadas\tests">
<suite id="s1-s1" name="My Custom Libraries Com Selenium" source="C:\workspace\curso-robot-framework-avancado-may\bibliotecas_customizadas\tests\my_custom_libraries_com_selenium">
<suite id="s1-s1-s1" name="myLibrary" source="C:\workspace\curso-robot-framework-avancado-may\bibliotecas_customizadas\tests\my_custom_libraries_com_selenium\myLibrary.robot">
<test id="s1-s1-s1-t1" name="Teste minha SeleniumLibrary" line="6">
<kw name="Abrir meu browser">
<kw name="My Open Browser" owner="Libraries.SeleniumLibrary">
<msg time="2025-02-18T23:50:28.688969" level="INFO">Abrindo browser 'chrome' no site 'http://www.robotframework.org'.</msg>
<arg>http://www.robotframework.org</arg>
<arg>chrome</arg>
<doc>Opens a new browser instance to the given ``url``.</doc>
<status status="PASS" start="2025-02-18T23:50:28.687967" elapsed="16.297203"/>
</kw>
<status status="PASS" start="2025-02-18T23:50:28.684969" elapsed="16.301205"/>
</kw>
<kw name="Close Browser" owner="Libraries.SeleniumLibrary" type="TEARDOWN">
<doc>Closes the current browser.</doc>
<status status="PASS" start="2025-02-18T23:50:45.002167" elapsed="2.644652"/>
</kw>
<status status="PASS" start="2025-02-18T23:50:28.682968" elapsed="18.966733"/>
</test>
<status status="PASS" start="2025-02-18T23:50:25.205273" elapsed="22.453321"/>
</suite>
<status status="PASS" start="2025-02-18T23:50:25.199272" elapsed="22.479176"/>
</suite>
<suite id="s1-s2" name="My Custom Libraries Hash" source="C:\workspace\curso-robot-framework-avancado-may\bibliotecas_customizadas\tests\my_custom_libraries_hash">
<suite id="s1-s2-s1" name="myLibrary" source="C:\workspace\curso-robot-framework-avancado-may\bibliotecas_customizadas\tests\my_custom_libraries_hash\myLibrary.robot">
<test id="s1-s2-s1-t1" name="Teste de conversão de string para HASH sha256" line="8">
<kw name="Converter &quot;Estou ficando ninja em Robot Framework!!&quot; para sha256" source_name="Converter &quot;${CONTEUDO}&quot; para sha256">
<kw name="Gerar Hash" owner="geradorHash">
<msg time="2025-02-18T23:50:47.733437" level="INFO">Conteúdo: Estou ficando ninja em Robot Framework!!
Hash gerado: 6526496e1589bb11988c5fd1051d8927a1160b1c3da51ca93ff6e2eab6ecfa38</msg>
<msg time="2025-02-18T23:50:47.733437" level="INFO">${CONTEUDO_HASH} = 6526496e1589bb11988c5fd1051d8927a1160b1c3da51ca93ff6e2eab6ecfa38</msg>
<var>${CONTEUDO_HASH}</var>
<arg>${CONTEUDO}</arg>
<status status="PASS" start="2025-02-18T23:50:47.732438" elapsed="0.000999"/>
</kw>
<kw name="Log" owner="BuiltIn">
<msg time="2025-02-18T23:50:47.734438" level="INFO">6526496e1589bb11988c5fd1051d8927a1160b1c3da51ca93ff6e2eab6ecfa38</msg>
<arg>${CONTEUDO_HASH}</arg>
<doc>Logs the given message with the given level.</doc>
<status status="PASS" start="2025-02-18T23:50:47.734438" elapsed="0.000000"/>
</kw>
<status status="PASS" start="2025-02-18T23:50:47.731434" elapsed="0.004002"/>
</kw>
<status status="PASS" start="2025-02-18T23:50:47.729436" elapsed="0.006000"/>
</test>
<test id="s1-s2-s1-t2" name="Teste de conversão de arquivo para HASH sha256" line="11">
<kw name="Converter o arquivo &quot;${ARQUIVO}&quot; para sha256" source_name="Converter o arquivo &quot;${FILE}&quot; para sha256">
<kw name="Gerar Hash Arquivo" owner="geradorHash">
<msg time="2025-02-18T23:50:47.749436" level="INFO">Arquivo: ./tests/my_custom_libraries_hash/arquivo_PDF.pdf
Hash gerado: d9021489da6cd18be2f0954475524f1c2d37628e127a1e23ee9941e133dcbc7f</msg>
<msg time="2025-02-18T23:50:47.749436" level="INFO">${CONTEUDO_HASH} = d9021489da6cd18be2f0954475524f1c2d37628e127a1e23ee9941e133dcbc7f</msg>
<var>${CONTEUDO_HASH}</var>
<arg>${FILE}</arg>
<status status="PASS" start="2025-02-18T23:50:47.747439" elapsed="0.001997"/>
</kw>
<kw name="Log" owner="BuiltIn">
<msg time="2025-02-18T23:50:47.750438" level="INFO">d9021489da6cd18be2f0954475524f1c2d37628e127a1e23ee9941e133dcbc7f</msg>
<arg>${CONTEUDO_HASH}</arg>
<doc>Logs the given message with the given level.</doc>
<status status="PASS" start="2025-02-18T23:50:47.750438" elapsed="0.000000"/>
</kw>
<status status="PASS" start="2025-02-18T23:50:47.745436" elapsed="0.006000"/>
</kw>
<status status="PASS" start="2025-02-18T23:50:47.739435" elapsed="0.012001"/>
</test>
<status status="PASS" start="2025-02-18T23:50:47.707439" elapsed="0.053997"/>
</suite>
<status status="PASS" start="2025-02-18T23:50:47.691438" elapsed="0.074996"/>
</suite>
<status status="PASS" start="2025-02-18T23:50:25.110275" elapsed="22.665159"/>
</suite>
<statistics>
<total>
<stat pass="3" fail="0" skip="0">All Tests</stat>
</total>
<tag>
</tag>
<suite>
<stat name="Tests" id="s1" pass="3" fail="0" skip="0">Tests</stat>
<stat name="My Custom Libraries Com Selenium" id="s1-s1" pass="1" fail="0" skip="0">Tests.My Custom Libraries Com Selenium</stat>
<stat name="myLibrary" id="s1-s1-s1" pass="1" fail="0" skip="0">Tests.My Custom Libraries Com Selenium.myLibrary</stat>
<stat name="My Custom Libraries Hash" id="s1-s2" pass="2" fail="0" skip="0">Tests.My Custom Libraries Hash</stat>
<stat name="myLibrary" id="s1-s2-s1" pass="2" fail="0" skip="0">Tests.My Custom Libraries Hash.myLibrary</stat>
</suite>
</statistics>
<errors>
</errors>
</robot>
